Method: <function ensure_tree at 0x36d0f50>
Path: /var/lib/nova/instances/5bc46a34-d867-49a9-8e7e-637c920f4002/
Ret: None
Method: <function write_to_file at 0x434dcf8>
Path: /var/lib/nova/instances/5bc46a34-d867-49a9-8e7e-637c920f4002/console.log
Para 1:  Para 2: 7 Ret: None
Command:('qemu-img', 'create', '-f', 'qcow2', '-o', 'backing_file=/var/lib/nova/instances/_base/4acfb815d9beadfc76b1e453590e2b94f743925f', u'/var/lib/nova/instances/5bc46a34-d867-49a9-8e7e-637c920f4002/disk')
Return:
Formatting '/var/lib/nova/instances/5bc46a34-d867-49a9-8e7e-637c920f4002/disk', fmt=qcow2 size=2147483648 backing_file='/var/lib/nova/instances/_base/4acfb815d9beadfc76b1e453590e2b94f743925f' encryption=off cluster_size=65536 

Command:(root)('qemu-nbd', '-c', '/dev/nbd5', u'/var/lib/nova/instances/5bc46a34-d867-49a9-8e7e-637c920f4002/disk')
Command:(root)('mount', '/dev/nbd5p1', '/tmp/openstack-vfs-localfskRe7Gx')
Command:(root)('readlink', '-nm', '/tmp/openstack-vfs-localfskRe7Gx/root/.ssh')
Return:
/tmp/openstack-vfs-localfskRe7Gx/root/.ssh
Command:(root)('mkdir', '-p', '/tmp/openstack-vfs-localfskRe7Gx/root/.ssh')
Command:(root)('readlink', '-nm', '/tmp/openstack-vfs-localfskRe7Gx/root/.ssh')
Return:
/tmp/openstack-vfs-localfskRe7Gx/root/.ssh
Command:(root)('chown', 'root:root', '/tmp/openstack-vfs-localfskRe7Gx/root/.ssh')
Command:(root)('readlink', '-nm', '/tmp/openstack-vfs-localfskRe7Gx/root/.ssh')
Return:
/tmp/openstack-vfs-localfskRe7Gx/root/.ssh
Command:(root)('chmod', '700', '/tmp/openstack-vfs-localfskRe7Gx/root/.ssh')
Command:(root)('readlink', '-nm', '/tmp/openstack-vfs-localfskRe7Gx/root/.ssh/authorized_keys')
Return:
/tmp/openstack-vfs-localfskRe7Gx/root/.ssh/authorized_keys
Command:(root)('tee', '-a', '/tmp/openstack-vfs-localfskRe7Gx/root/.ssh/authorized_keys')
Parameter:

# The following ssh key was injected by Nova
ssh-rsa AAAAB3NzaC1yc2EAAAADAQABAAABAQDGvmxJBHy+4QJF0Sfy1A4eq7OONG8IaO+rxylIdpc7C6Ja7OyieYE6KT4mKfzKqEFLhGGQfuUZHkp6I2vM7W2IeBMVCaCGWpTnLFlHL0/hFs1K2KPFRQUqklkfVjUoEW2MSGgxQLSMtm3IqFCSLvlkKxUzcoIUoVvE+Yy135K6L3gW+++Y2mWWQMdQeLOtsld1M4zv5/uxYaoVkzyVxxzXI8fyaZ0i/K4jJs2p5q2TnH9EAFqheWazk+9otOIp/eBnb4tguN6NUhrT5oXQcRlnqfZnhrEv2Xf2nKbSlkh4HgXHhCi0RPg3eDgPvdNkpbjufYYG9Q4h284DPmoRBR7J Generated by Nova

Return:

# The following ssh key was injected by Nova
ssh-rsa AAAAB3NzaC1yc2EAAAADAQABAAABAQDGvmxJBHy+4QJF0Sfy1A4eq7OONG8IaO+rxylIdpc7C6Ja7OyieYE6KT4mKfzKqEFLhGGQfuUZHkp6I2vM7W2IeBMVCaCGWpTnLFlHL0/hFs1K2KPFRQUqklkfVjUoEW2MSGgxQLSMtm3IqFCSLvlkKxUzcoIUoVvE+Yy135K6L3gW+++Y2mWWQMdQeLOtsld1M4zv5/uxYaoVkzyVxxzXI8fyaZ0i/K4jJs2p5q2TnH9EAFqheWazk+9otOIp/eBnb4tguN6NUhrT5oXQcRlnqfZnhrEv2Xf2nKbSlkh4HgXHhCi0RPg3eDgPvdNkpbjufYYG9Q4h284DPmoRBR7J Generated by Nova

Command:(root)('readlink', '-nm', '/tmp/openstack-vfs-localfskRe7Gx/root/.ssh/authorized_keys')
Return:
/tmp/openstack-vfs-localfskRe7Gx/root/.ssh/authorized_keys
Command:(root)('chmod', '600', '/tmp/openstack-vfs-localfskRe7Gx/root/.ssh/authorized_keys')
Command:(root)('readlink', '-nm', '/tmp/openstack-vfs-localfskRe7Gx/etc/selinux')
Return:
/tmp/openstack-vfs-localfskRe7Gx/etc/selinux
Command:(root)('readlink', '-e', '/tmp/openstack-vfs-localfskRe7Gx/etc/selinux')
Command:(root)('umount', '/dev/nbd5p1')
Command:(root)('qemu-nbd', '-d', '/dev/nbd5')
Return:
/dev/nbd5 disconnected

Method: <function write_to_file at 0x434dcf8>
Path: /var/lib/nova/instances/5bc46a34-d867-49a9-8e7e-637c920f4002/libvirt.xml
Para 1: <domain type="kvm">
  <uuid>5bc46a34-d867-49a9-8e7e-637c920f4002</uuid>
  <name>instance-00000126</name>
  <memory>4194304</memory>
  <vcpu>2</vcpu>
  <sysinfo type="smbios">
    <system>
      <entry name="manufacturer">OpenStack Foundation</entry>
      <entry name="product">OpenStack Nova</entry>
      <entry name="version">2013.1.1</entry>
      <entry name="serial">44454c4c-5600-1039-8042-c7c04f445631</entry>
      <entry name="uuid">5bc46a34-d867-49a9-8e7e-637c920f4002</entry>
    </system>
  </sysinfo>
  <os>
    <type>hvm</type>
    <boot dev="hd"/>
    <smbios mode="sysinfo"/>
  </os>
  <features>
    <acpi/>
    <apic/>
  </features>
  <clock offset="utc">
    <timer name="pit" tickpolicy="delay"/>
    <timer name="rtc" tickpolicy="catchup"/>
  </clock>
  <cpu mode="host-model" match="exact"/>
  <devices>
    <disk type="file" device="disk">
      <driver name="qemu" type="qcow2" cache="none"/>
      <source file="/var/lib/nova/instances/5bc46a34-d867-49a9-8e7e-637c920f4002/disk"/>
      <target bus="virtio" dev="vda"/>
    </disk>
    <interface type="bridge">
      <mac address="fa:16:3e:b3:bc:fb"/>
      <model type="virtio"/>
      <source bridge="br100"/>
      <filterref filter="nova-instance-instance-00000126-fa163eb3bcfb"/>
    </interface>
    <serial type="file">
      <source path="/var/lib/nova/instances/5bc46a34-d867-49a9-8e7e-637c920f4002/console.log"/>
    </serial>
    <serial type="pty"/>
    <input type="tablet" bus="usb"/>
    <graphics type="vnc" autoport="yes" keymap="en-us" listen="0.0.0.0"/>
  </devices>
</domain>
 Ret: None
Command:(root)('ip', 'link', 'show', 'dev', u'br100')
Return:
45: br100: <BROADCAST,MULTICAST,UP,LOWER_UP> mtu 1500 qdisc noqueue state UP 
    link/ether 5c:f9:dd:ac:51:1e brd ff:ff:ff:ff:ff:ff

Command:(root)('brctl', 'addif', u'br100', 'eth1')
Command:('ip', 'route', 'show', 'dev', 'eth1')
Command:(root)('ip', 'addr', 'show', 'dev', 'eth1', 'scope', 'global')
Return:
3: eth1: <BROADCAST,MULTICAST,UP,LOWER_UP> mtu 1500 qdisc mq master br100 state UP qlen 1000
    link/ether 5c:f9:dd:ac:51:1e brd ff:ff:ff:ff:ff:ff

Command:(root)('iptables-save', '-c')
Return:
# Generated by iptables-save v1.4.12 on Mon Nov 25 11:00:21 2013
*nat
:PREROUTING ACCEPT [20041578:1274167161]
:INPUT ACCEPT [1341:353825]
:OUTPUT ACCEPT [462616:29690152]
:POSTROUTING ACCEPT [20500891:1302861292]
:nova-compute-OUTPUT - [0:0]
:nova-compute-POSTROUTING - [0:0]
:nova-compute-PREROUTING - [0:0]
:nova-compute-float-snat - [0:0]
:nova-compute-snat - [0:0]
:nova-postrouting-bottom - [0:0]
[0:0] -A PREROUTING -j nova-compute-PREROUTING
[4:244] -A OUTPUT -j nova-compute-OUTPUT
[4:244] -A POSTROUTING -j nova-compute-POSTROUTING
[0:0] -A POSTROUTING -s 192.168.122.0/24 ! -d 192.168.122.0/24 -p tcp -j MASQUERADE --to-ports 1024-65535
[0:0] -A POSTROUTING -s 192.168.122.0/24 ! -d 192.168.122.0/24 -p udp -j MASQUERADE --to-ports 1024-65535
[0:0] -A POSTROUTING -s 192.168.122.0/24 ! -d 192.168.122.0/24 -j MASQUERADE
[20658395:1325895940] -A POSTROUTING -j nova-postrouting-bottom
[4:244] -A nova-compute-snat -j nova-compute-float-snat
[4:244] -A nova-postrouting-bottom -j nova-compute-snat
COMMIT
# Completed on Mon Nov 25 11:00:21 2013
# Generated by iptables-save v1.4.12 on Mon Nov 25 11:00:21 2013
*mangle
:PREROUTING ACCEPT [207287244:57711707785]
:INPUT ACCEPT [49373200:39490494697]
:FORWARD ACCEPT [158368928:18280266360]
:OUTPUT ACCEPT [44407642:16884049642]
:POSTROUTING ACCEPT [202776570:35164316002]
:nova-compute-POSTROUTING - [0:0]
[624:220452] -A POSTROUTING -j nova-compute-POSTROUTING
[0:0] -A POSTROUTING -o virbr0 -p udp -m udp --dport 68 -j CHECKSUM --checksum-fill
COMMIT
# Completed on Mon Nov 25 11:00:21 2013
# Generated by iptables-save v1.4.12 on Mon Nov 25 11:00:21 2013
*filter
:INPUT ACCEPT [49346263:39481639487]
:FORWARD ACCEPT [0:0]
:OUTPUT ACCEPT [44407625:16884045980]
:nova-compute-FORWARD - [0:0]
:nova-compute-INPUT - [0:0]
:nova-compute-OUTPUT - [0:0]
:nova-compute-local - [0:0]
:nova-compute-provider - [0:0]
:nova-compute-sg-fallback - [0:0]
:nova-filter-top - [0:0]
[532:135653] -A INPUT -j nova-compute-INPUT
[0:0] -A INPUT -i virbr0 -p udp -m udp --dport 53 -j ACCEPT
[0:0] -A INPUT -i virbr0 -p tcp -m tcp --dport 53 -j ACCEPT
[0:0] -A INPUT -i virbr0 -p udp -m udp --dport 67 -j ACCEPT
[0:0] -A INPUT -i virbr0 -p tcp -m tcp --dport 67 -j ACCEPT
[158732959:18420654314] -A FORWARD -j nova-filter-top
[2:64] -A FORWARD -j nova-compute-FORWARD
[0:0] -A FORWARD -d 192.168.122.0/24 -o virbr0 -m state --state RELATED,ESTABLISHED -j ACCEPT
[0:0] -A FORWARD -s 192.168.122.0/24 -i virbr0 -j ACCEPT
[0:0] -A FORWARD -i virbr0 -o virbr0 -j ACCEPT
[0:0] -A FORWARD -o virbr0 -j REJECT --reject-with icmp-port-unreachable
[0:0] -A FORWARD -i virbr0 -j REJECT --reject-with icmp-port-unreachable
[49133133:18904218335] -A OUTPUT -j nova-filter-top
[622:220388] -A OUTPUT -j nova-compute-OUTPUT
[0:0] -A nova-compute-FORWARD -s 0.0.0.0/32 -d 255.255.255.255/32 -p udp -m udp --sport 68 --dport 67 -j ACCEPT
[2:64] -A nova-compute-FORWARD -i br100 -j ACCEPT
[0:0] -A nova-compute-FORWARD -o br100 -j ACCEPT
[0:0] -A nova-compute-INPUT -s 0.0.0.0/32 -d 255.255.255.255/32 -p udp -m udp --sport 68 --dport 67 -j ACCEPT
[0:0] -A nova-compute-sg-fallback -j DROP
[624:220452] -A nova-filter-top -j nova-compute-local
COMMIT
# Completed on Mon Nov 25 11:00:21 2013

Command:(root)('iptables-restore', '-c')
Parameter:
# Generated by iptables-save v1.4.12 on Mon Nov 25 11:00:21 2013
*nat
:PREROUTING ACCEPT [20041578:1274167161]
:INPUT ACCEPT [1341:353825]
:OUTPUT ACCEPT [462616:29690152]
:POSTROUTING ACCEPT [20500891:1302861292]
:nova-compute-OUTPUT - [0:0]
:nova-compute-snat - [0:0]
:nova-compute-PREROUTING - [0:0]
:nova-compute-float-snat - [0:0]
:nova-compute-POSTROUTING - [0:0]
:nova-postrouting-bottom - [0:0]
[0:0] -A PREROUTING -j nova-compute-PREROUTING
[0:0] -A OUTPUT -j nova-compute-OUTPUT
[0:0] -A POSTROUTING -j nova-compute-POSTROUTING
[0:0] -A nova-postrouting-bottom -j nova-compute-snat
[0:0] -A nova-compute-snat -j nova-compute-float-snat
[0:0] -A POSTROUTING -s 192.168.122.0/24 ! -d 192.168.122.0/24 -p tcp -j MASQUERADE --to-ports 1024-65535
[0:0] -A POSTROUTING -s 192.168.122.0/24 ! -d 192.168.122.0/24 -p udp -j MASQUERADE --to-ports 1024-65535
[0:0] -A POSTROUTING -s 192.168.122.0/24 ! -d 192.168.122.0/24 -j MASQUERADE
[20658395:1325895940] -A POSTROUTING -j nova-postrouting-bottom
COMMIT
# Completed on Mon Nov 25 11:00:21 2013
# Generated by iptables-save v1.4.12 on Mon Nov 25 11:00:21 2013
*mangle
:PREROUTING ACCEPT [207287244:57711707785]
:INPUT ACCEPT [49373200:39490494697]
:FORWARD ACCEPT [158368928:18280266360]
:OUTPUT ACCEPT [44407642:16884049642]
:POSTROUTING ACCEPT [202776570:35164316002]
:nova-compute-POSTROUTING - [0:0]
[0:0] -A POSTROUTING -j nova-compute-POSTROUTING
[0:0] -A POSTROUTING -o virbr0 -p udp -m udp --dport 68 -j CHECKSUM --checksum-fill
COMMIT
# Completed on Mon Nov 25 11:00:21 2013
# Generated by iptables-save v1.4.12 on Mon Nov 25 11:00:21 2013
*filter
:INPUT ACCEPT [49346263:39481639487]
:FORWARD ACCEPT [0:0]
:OUTPUT ACCEPT [44407625:16884045980]
:nova-compute-OUTPUT - [0:0]
:nova-compute-sg-fallback - [0:0]
:nova-compute-provider - [0:0]
:nova-compute-FORWARD - [0:0]
:nova-compute-INPUT - [0:0]
:nova-compute-local - [0:0]
:nova-compute-inst-294 - [0:0]
:nova-filter-top - [0:0]
[158732959:18420654314] -A FORWARD -j nova-filter-top
[49133133:18904218335] -A OUTPUT -j nova-filter-top
[0:0] -A nova-filter-top -j nova-compute-local
[0:0] -A INPUT -j nova-compute-INPUT
[0:0] -A OUTPUT -j nova-compute-OUTPUT
[0:0] -A FORWARD -j nova-compute-FORWARD
[0:0] -A nova-compute-sg-fallback -j DROP
[0:0] -A nova-compute-INPUT -s 0.0.0.0/32 -d 255.255.255.255/32 -p udp -m udp --sport 68 --dport 67 -j ACCEPT
[0:0] -A nova-compute-FORWARD -s 0.0.0.0/32 -d 255.255.255.255/32 -p udp -m udp --sport 68 --dport 67 -j ACCEPT
[0:0] -A nova-compute-FORWARD -i br100 -j ACCEPT
[0:0] -A nova-compute-FORWARD -o br100 -j ACCEPT
[0:0] -A nova-compute-local -d 192.168.50.2 -j nova-compute-inst-294
[0:0] -A nova-compute-inst-294 -m state --state INVALID -j DROP
[0:0] -A nova-compute-inst-294 -m state --state ESTABLISHED,RELATED -j ACCEPT
[0:0] -A nova-compute-inst-294 -j nova-compute-provider
[0:0] -A nova-compute-inst-294 -s 192.168.50.1 -p udp --sport 67 --dport 68 -j ACCEPT
[0:0] -A nova-compute-inst-294 -s 192.168.50.0/24 -j ACCEPT
[0:0] -A nova-compute-inst-294 -j ACCEPT -p tcp --dport 22 -s 0.0.0.0/0
[0:0] -A nova-compute-inst-294 -j ACCEPT -p icmp -s 0.0.0.0/0
[0:0] -A nova-compute-inst-294 -j nova-compute-sg-fallback
[0:0] -A INPUT -i virbr0 -p udp -m udp --dport 53 -j ACCEPT
[0:0] -A INPUT -i virbr0 -p tcp -m tcp --dport 53 -j ACCEPT
[0:0] -A INPUT -i virbr0 -p udp -m udp --dport 67 -j ACCEPT
[0:0] -A INPUT -i virbr0 -p tcp -m tcp --dport 67 -j ACCEPT
[0:0] -A FORWARD -d 192.168.122.0/24 -o virbr0 -m state --state RELATED,ESTABLISHED -j ACCEPT
[0:0] -A FORWARD -s 192.168.122.0/24 -i virbr0 -j ACCEPT
[0:0] -A FORWARD -i virbr0 -o virbr0 -j ACCEPT
[0:0] -A FORWARD -o virbr0 -j REJECT --reject-with icmp-port-unreachable
[0:0] -A FORWARD -i virbr0 -j REJECT --reject-with icmp-port-unreachable
COMMIT
# Completed on Mon Nov 25 11:00:21 2013

Command:(root)('iptables-save', '-c')
Return:
# Generated by iptables-save v1.4.12 on Mon Nov 25 11:00:21 2013
*nat
:PREROUTING ACCEPT [20041578:1274167161]
:INPUT ACCEPT [1341:353825]
:OUTPUT ACCEPT [462616:29690152]
:POSTROUTING ACCEPT [20500891:1302861292]
:nova-compute-OUTPUT - [0:0]
:nova-compute-POSTROUTING - [0:0]
:nova-compute-PREROUTING - [0:0]
:nova-compute-float-snat - [0:0]
:nova-compute-snat - [0:0]
:nova-postrouting-bottom - [0:0]
[0:0] -A PREROUTING -j nova-compute-PREROUTING
[0:0] -A OUTPUT -j nova-compute-OUTPUT
[0:0] -A POSTROUTING -j nova-compute-POSTROUTING
[0:0] -A POSTROUTING -s 192.168.122.0/24 ! -d 192.168.122.0/24 -p tcp -j MASQUERADE --to-ports 1024-65535
[0:0] -A POSTROUTING -s 192.168.122.0/24 ! -d 192.168.122.0/24 -p udp -j MASQUERADE --to-ports 1024-65535
[0:0] -A POSTROUTING -s 192.168.122.0/24 ! -d 192.168.122.0/24 -j MASQUERADE
[20658395:1325895940] -A POSTROUTING -j nova-postrouting-bottom
[0:0] -A nova-compute-snat -j nova-compute-float-snat
[0:0] -A nova-postrouting-bottom -j nova-compute-snat
COMMIT
# Completed on Mon Nov 25 11:00:21 2013
# Generated by iptables-save v1.4.12 on Mon Nov 25 11:00:21 2013
*mangle
:PREROUTING ACCEPT [207287244:57711707785]
:INPUT ACCEPT [49373200:39490494697]
:FORWARD ACCEPT [158368928:18280266360]
:OUTPUT ACCEPT [44407642:16884049642]
:POSTROUTING ACCEPT [202776570:35164316002]
:nova-compute-POSTROUTING - [0:0]
[0:0] -A POSTROUTING -j nova-compute-POSTROUTING
[0:0] -A POSTROUTING -o virbr0 -p udp -m udp --dport 68 -j CHECKSUM --checksum-fill
COMMIT
# Completed on Mon Nov 25 11:00:21 2013
# Generated by iptables-save v1.4.12 on Mon Nov 25 11:00:21 2013
*filter
:INPUT ACCEPT [49346263:39481639487]
:FORWARD ACCEPT [0:0]
:OUTPUT ACCEPT [44407625:16884045980]
:nova-compute-FORWARD - [0:0]
:nova-compute-INPUT - [0:0]
:nova-compute-OUTPUT - [0:0]
:nova-compute-inst-294 - [0:0]
:nova-compute-local - [0:0]
:nova-compute-provider - [0:0]
:nova-compute-sg-fallback - [0:0]
:nova-filter-top - [0:0]
[0:0] -A INPUT -j nova-compute-INPUT
[0:0] -A INPUT -i virbr0 -p udp -m udp --dport 53 -j ACCEPT
[0:0] -A INPUT -i virbr0 -p tcp -m tcp --dport 53 -j ACCEPT
[0:0] -A INPUT -i virbr0 -p udp -m udp --dport 67 -j ACCEPT
[0:0] -A INPUT -i virbr0 -p tcp -m tcp --dport 67 -j ACCEPT
[158732959:18420654314] -A FORWARD -j nova-filter-top
[0:0] -A FORWARD -j nova-compute-FORWARD
[0:0] -A FORWARD -d 192.168.122.0/24 -o virbr0 -m state --state RELATED,ESTABLISHED -j ACCEPT
[0:0] -A FORWARD -s 192.168.122.0/24 -i virbr0 -j ACCEPT
[0:0] -A FORWARD -i virbr0 -o virbr0 -j ACCEPT
[0:0] -A FORWARD -o virbr0 -j REJECT --reject-with icmp-port-unreachable
[0:0] -A FORWARD -i virbr0 -j REJECT --reject-with icmp-port-unreachable
[49133133:18904218335] -A OUTPUT -j nova-filter-top
[0:0] -A OUTPUT -j nova-compute-OUTPUT
[0:0] -A nova-compute-FORWARD -s 0.0.0.0/32 -d 255.255.255.255/32 -p udp -m udp --sport 68 --dport 67 -j ACCEPT
[0:0] -A nova-compute-FORWARD -i br100 -j ACCEPT
[0:0] -A nova-compute-FORWARD -o br100 -j ACCEPT
[0:0] -A nova-compute-INPUT -s 0.0.0.0/32 -d 255.255.255.255/32 -p udp -m udp --sport 68 --dport 67 -j ACCEPT
[0:0] -A nova-compute-inst-294 -m state --state INVALID -j DROP
[0:0] -A nova-compute-inst-294 -m state --state RELATED,ESTABLISHED -j ACCEPT
[0:0] -A nova-compute-inst-294 -j nova-compute-provider
[0:0] -A nova-compute-inst-294 -s 192.168.50.1/32 -p udp -m udp --sport 67 --dport 68 -j ACCEPT
[0:0] -A nova-compute-inst-294 -s 192.168.50.0/24 -j ACCEPT
[0:0] -A nova-compute-inst-294 -p tcp -m tcp --dport 22 -j ACCEPT
[0:0] -A nova-compute-inst-294 -p icmp -j ACCEPT
[0:0] -A nova-compute-inst-294 -j nova-compute-sg-fallback
[0:0] -A nova-compute-local -d 192.168.50.2/32 -j nova-compute-inst-294
[0:0] -A nova-compute-sg-fallback -j DROP
[0:0] -A nova-filter-top -j nova-compute-local
COMMIT
# Completed on Mon Nov 25 11:00:21 2013

Command:(root)('iptables-restore', '-c')
Parameter:
# Generated by iptables-save v1.4.12 on Mon Nov 25 11:00:21 2013
*nat
:PREROUTING ACCEPT [20041578:1274167161]
:INPUT ACCEPT [1341:353825]
:OUTPUT ACCEPT [462616:29690152]
:POSTROUTING ACCEPT [20500891:1302861292]
:nova-compute-OUTPUT - [0:0]
:nova-compute-snat - [0:0]
:nova-compute-PREROUTING - [0:0]
:nova-compute-float-snat - [0:0]
:nova-compute-POSTROUTING - [0:0]
:nova-postrouting-bottom - [0:0]
[0:0] -A PREROUTING -j nova-compute-PREROUTING
[0:0] -A OUTPUT -j nova-compute-OUTPUT
[0:0] -A POSTROUTING -j nova-compute-POSTROUTING
[0:0] -A nova-postrouting-bottom -j nova-compute-snat
[0:0] -A nova-compute-snat -j nova-compute-float-snat
[0:0] -A POSTROUTING -s 192.168.122.0/24 ! -d 192.168.122.0/24 -p tcp -j MASQUERADE --to-ports 1024-65535
[0:0] -A POSTROUTING -s 192.168.122.0/24 ! -d 192.168.122.0/24 -p udp -j MASQUERADE --to-ports 1024-65535
[0:0] -A POSTROUTING -s 192.168.122.0/24 ! -d 192.168.122.0/24 -j MASQUERADE
[20658395:1325895940] -A POSTROUTING -j nova-postrouting-bottom
COMMIT
# Completed on Mon Nov 25 11:00:21 2013
# Generated by iptables-save v1.4.12 on Mon Nov 25 11:00:21 2013
*mangle
:PREROUTING ACCEPT [207287244:57711707785]
:INPUT ACCEPT [49373200:39490494697]
:FORWARD ACCEPT [158368928:18280266360]
:OUTPUT ACCEPT [44407642:16884049642]
:POSTROUTING ACCEPT [202776570:35164316002]
:nova-compute-POSTROUTING - [0:0]
[0:0] -A POSTROUTING -j nova-compute-POSTROUTING
[0:0] -A POSTROUTING -o virbr0 -p udp -m udp --dport 68 -j CHECKSUM --checksum-fill
COMMIT
# Completed on Mon Nov 25 11:00:21 2013
# Generated by iptables-save v1.4.12 on Mon Nov 25 11:00:21 2013
*filter
:INPUT ACCEPT [49346263:39481639487]
:FORWARD ACCEPT [0:0]
:OUTPUT ACCEPT [44407625:16884045980]
:nova-compute-OUTPUT - [0:0]
:nova-compute-sg-fallback - [0:0]
:nova-compute-provider - [0:0]
:nova-compute-FORWARD - [0:0]
:nova-compute-INPUT - [0:0]
:nova-compute-local - [0:0]
:nova-compute-inst-294 - [0:0]
:nova-filter-top - [0:0]
[158732959:18420654314] -A FORWARD -j nova-filter-top
[49133133:18904218335] -A OUTPUT -j nova-filter-top
[0:0] -A nova-filter-top -j nova-compute-local
[0:0] -A INPUT -j nova-compute-INPUT
[0:0] -A OUTPUT -j nova-compute-OUTPUT
[0:0] -A FORWARD -j nova-compute-FORWARD
[0:0] -A nova-compute-sg-fallback -j DROP
[0:0] -A nova-compute-INPUT -s 0.0.0.0/32 -d 255.255.255.255/32 -p udp -m udp --sport 68 --dport 67 -j ACCEPT
[0:0] -A nova-compute-FORWARD -s 0.0.0.0/32 -d 255.255.255.255/32 -p udp -m udp --sport 68 --dport 67 -j ACCEPT
[0:0] -A nova-compute-FORWARD -i br100 -j ACCEPT
[0:0] -A nova-compute-FORWARD -o br100 -j ACCEPT
[0:0] -A nova-compute-local -d 192.168.50.2 -j nova-compute-inst-294
[0:0] -A nova-compute-inst-294 -m state --state INVALID -j DROP
[0:0] -A nova-compute-inst-294 -m state --state ESTABLISHED,RELATED -j ACCEPT
[0:0] -A nova-compute-inst-294 -j nova-compute-provider
[0:0] -A nova-compute-inst-294 -s 192.168.50.1 -p udp --sport 67 --dport 68 -j ACCEPT
[0:0] -A nova-compute-inst-294 -s 192.168.50.0/24 -j ACCEPT
[0:0] -A nova-compute-inst-294 -j ACCEPT -p tcp --dport 22 -s 0.0.0.0/0
[0:0] -A nova-compute-inst-294 -j ACCEPT -p icmp -s 0.0.0.0/0
[0:0] -A nova-compute-inst-294 -j nova-compute-sg-fallback
[0:0] -A INPUT -i virbr0 -p udp -m udp --dport 53 -j ACCEPT
[0:0] -A INPUT -i virbr0 -p tcp -m tcp --dport 53 -j ACCEPT
[0:0] -A INPUT -i virbr0 -p udp -m udp --dport 67 -j ACCEPT
[0:0] -A INPUT -i virbr0 -p tcp -m tcp --dport 67 -j ACCEPT
[0:0] -A FORWARD -d 192.168.122.0/24 -o virbr0 -m state --state RELATED,ESTABLISHED -j ACCEPT
[0:0] -A FORWARD -s 192.168.122.0/24 -i virbr0 -j ACCEPT
[0:0] -A FORWARD -i virbr0 -o virbr0 -j ACCEPT
[0:0] -A FORWARD -o virbr0 -j REJECT --reject-with icmp-port-unreachable
[0:0] -A FORWARD -i virbr0 -j REJECT --reject-with icmp-port-unreachable
COMMIT
# Completed on Mon Nov 25 11:00:21 2013

Command:(root)('tee', '/sys/class/net/vnet0/brport/hairpin_mode')
Parameter:
1
Return:
1
Command:(root)('iptables-save', '-c')
Return:
# Generated by iptables-save v1.4.12 on Mon Nov 25 11:00:24 2013
*nat
:PREROUTING ACCEPT [20041578:1274167161]
:INPUT ACCEPT [1341:353825]
:OUTPUT ACCEPT [462619:29690338]
:POSTROUTING ACCEPT [20500894:1302861478]
:nova-compute-OUTPUT - [0:0]
:nova-compute-POSTROUTING - [0:0]
:nova-compute-PREROUTING - [0:0]
:nova-compute-float-snat - [0:0]
:nova-compute-snat - [0:0]
:nova-postrouting-bottom - [0:0]
[0:0] -A PREROUTING -j nova-compute-PREROUTING
[3:186] -A OUTPUT -j nova-compute-OUTPUT
[3:186] -A POSTROUTING -j nova-compute-POSTROUTING
[0:0] -A POSTROUTING -s 192.168.122.0/24 ! -d 192.168.122.0/24 -p tcp -j MASQUERADE --to-ports 1024-65535
[0:0] -A POSTROUTING -s 192.168.122.0/24 ! -d 192.168.122.0/24 -p udp -j MASQUERADE --to-ports 1024-65535
[0:0] -A POSTROUTING -s 192.168.122.0/24 ! -d 192.168.122.0/24 -j MASQUERADE
[20658398:1325896126] -A POSTROUTING -j nova-postrouting-bottom
[3:186] -A nova-compute-snat -j nova-compute-float-snat
[3:186] -A nova-postrouting-bottom -j nova-compute-snat
COMMIT
# Completed on Mon Nov 25 11:00:24 2013
# Generated by iptables-save v1.4.12 on Mon Nov 25 11:00:24 2013
*mangle
:PREROUTING ACCEPT [207287356:57711744364]
:INPUT ACCEPT [49373312:39490531276]
:FORWARD ACCEPT [158368928:18280266360]
:OUTPUT ACCEPT [44407785:16884092892]
:POSTROUTING ACCEPT [202776713:35164359252]
:nova-compute-POSTROUTING - [0:0]
[143:43250] -A POSTROUTING -j nova-compute-POSTROUTING
[0:0] -A POSTROUTING -o virbr0 -p udp -m udp --dport 68 -j CHECKSUM --checksum-fill
COMMIT
# Completed on Mon Nov 25 11:00:24 2013
# Generated by iptables-save v1.4.12 on Mon Nov 25 11:00:24 2013
*filter
:INPUT ACCEPT [49346375:39481676066]
:FORWARD ACCEPT [0:0]
:OUTPUT ACCEPT [44407768:16884089230]
:nova-compute-FORWARD - [0:0]
:nova-compute-INPUT - [0:0]
:nova-compute-OUTPUT - [0:0]
:nova-compute-inst-294 - [0:0]
:nova-compute-local - [0:0]
:nova-compute-provider - [0:0]
:nova-compute-sg-fallback - [0:0]
:nova-filter-top - [0:0]
[112:36579] -A INPUT -j nova-compute-INPUT
[0:0] -A INPUT -i virbr0 -p udp -m udp --dport 53 -j ACCEPT
[0:0] -A INPUT -i virbr0 -p tcp -m tcp --dport 53 -j ACCEPT
[0:0] -A INPUT -i virbr0 -p udp -m udp --dport 67 -j ACCEPT
[0:0] -A INPUT -i virbr0 -p tcp -m tcp --dport 67 -j ACCEPT
[158732959:18420654314] -A FORWARD -j nova-filter-top
[0:0] -A FORWARD -j nova-compute-FORWARD
[0:0] -A FORWARD -d 192.168.122.0/24 -o virbr0 -m state --state RELATED,ESTABLISHED -j ACCEPT
[0:0] -A FORWARD -s 192.168.122.0/24 -i virbr0 -j ACCEPT
[0:0] -A FORWARD -i virbr0 -o virbr0 -j ACCEPT
[0:0] -A FORWARD -o virbr0 -j REJECT --reject-with icmp-port-unreachable
[0:0] -A FORWARD -i virbr0 -j REJECT --reject-with icmp-port-unreachable
[49133276:18904261585] -A OUTPUT -j nova-filter-top
[143:43250] -A OUTPUT -j nova-compute-OUTPUT
[0:0] -A nova-compute-FORWARD -s 0.0.0.0/32 -d 255.255.255.255/32 -p udp -m udp --sport 68 --dport 67 -j ACCEPT
[0:0] -A nova-compute-FORWARD -i br100 -j ACCEPT
[0:0] -A nova-compute-FORWARD -o br100 -j ACCEPT
[0:0] -A nova-compute-INPUT -s 0.0.0.0/32 -d 255.255.255.255/32 -p udp -m udp --sport 68 --dport 67 -j ACCEPT
[0:0] -A nova-compute-inst-294 -m state --state INVALID -j DROP
[0:0] -A nova-compute-inst-294 -m state --state RELATED,ESTABLISHED -j ACCEPT
[0:0] -A nova-compute-inst-294 -j nova-compute-provider
[0:0] -A nova-compute-inst-294 -s 192.168.50.1/32 -p udp -m udp --sport 67 --dport 68 -j ACCEPT
[0:0] -A nova-compute-inst-294 -s 192.168.50.0/24 -j ACCEPT
[0:0] -A nova-compute-inst-294 -p tcp -m tcp --dport 22 -j ACCEPT
[0:0] -A nova-compute-inst-294 -p icmp -j ACCEPT
[0:0] -A nova-compute-inst-294 -j nova-compute-sg-fallback
[0:0] -A nova-compute-local -d 192.168.50.2/32 -j nova-compute-inst-294
[0:0] -A nova-compute-sg-fallback -j DROP
[143:43250] -A nova-filter-top -j nova-compute-local
COMMIT
# Completed on Mon Nov 25 11:00:24 2013

Command:(root)('iptables-restore', '-c')
Parameter:
# Generated by iptables-save v1.4.12 on Mon Nov 25 11:00:24 2013
*nat
:PREROUTING ACCEPT [20041578:1274167161]
:INPUT ACCEPT [1341:353825]
:OUTPUT ACCEPT [462619:29690338]
:POSTROUTING ACCEPT [20500894:1302861478]
:nova-compute-OUTPUT - [0:0]
:nova-compute-snat - [0:0]
:nova-compute-PREROUTING - [0:0]
:nova-compute-float-snat - [0:0]
:nova-compute-POSTROUTING - [0:0]
:nova-postrouting-bottom - [0:0]
[0:0] -A PREROUTING -j nova-compute-PREROUTING
[0:0] -A OUTPUT -j nova-compute-OUTPUT
[0:0] -A POSTROUTING -j nova-compute-POSTROUTING
[0:0] -A nova-postrouting-bottom -j nova-compute-snat
[0:0] -A nova-compute-snat -j nova-compute-float-snat
[0:0] -A POSTROUTING -s 192.168.122.0/24 ! -d 192.168.122.0/24 -p tcp -j MASQUERADE --to-ports 1024-65535
[0:0] -A POSTROUTING -s 192.168.122.0/24 ! -d 192.168.122.0/24 -p udp -j MASQUERADE --to-ports 1024-65535
[0:0] -A POSTROUTING -s 192.168.122.0/24 ! -d 192.168.122.0/24 -j MASQUERADE
[20658398:1325896126] -A POSTROUTING -j nova-postrouting-bottom
COMMIT
# Completed on Mon Nov 25 11:00:24 2013
# Generated by iptables-save v1.4.12 on Mon Nov 25 11:00:24 2013
*mangle
:PREROUTING ACCEPT [207287356:57711744364]
:INPUT ACCEPT [49373312:39490531276]
:FORWARD ACCEPT [158368928:18280266360]
:OUTPUT ACCEPT [44407785:16884092892]
:POSTROUTING ACCEPT [202776713:35164359252]
:nova-compute-POSTROUTING - [0:0]
[0:0] -A POSTROUTING -j nova-compute-POSTROUTING
[0:0] -A POSTROUTING -o virbr0 -p udp -m udp --dport 68 -j CHECKSUM --checksum-fill
COMMIT
# Completed on Mon Nov 25 11:00:24 2013
# Generated by iptables-save v1.4.12 on Mon Nov 25 11:00:24 2013
*filter
:INPUT ACCEPT [49346375:39481676066]
:FORWARD ACCEPT [0:0]
:OUTPUT ACCEPT [44407768:16884089230]
:nova-compute-OUTPUT - [0:0]
:nova-compute-sg-fallback - [0:0]
:nova-compute-provider - [0:0]
:nova-compute-FORWARD - [0:0]
:nova-compute-INPUT - [0:0]
:nova-compute-local - [0:0]
:nova-compute-inst-294 - [0:0]
:nova-filter-top - [0:0]
[158732959:18420654314] -A FORWARD -j nova-filter-top
[49133276:18904261585] -A OUTPUT -j nova-filter-top
[0:0] -A nova-filter-top -j nova-compute-local
[0:0] -A INPUT -j nova-compute-INPUT
[0:0] -A OUTPUT -j nova-compute-OUTPUT
[0:0] -A FORWARD -j nova-compute-FORWARD
[0:0] -A nova-compute-sg-fallback -j DROP
[0:0] -A nova-compute-INPUT -s 0.0.0.0/32 -d 255.255.255.255/32 -p udp -m udp --sport 68 --dport 67 -j ACCEPT
[0:0] -A nova-compute-FORWARD -s 0.0.0.0/32 -d 255.255.255.255/32 -p udp -m udp --sport 68 --dport 67 -j ACCEPT
[0:0] -A nova-compute-FORWARD -i br100 -j ACCEPT
[0:0] -A nova-compute-FORWARD -o br100 -j ACCEPT
[0:0] -A nova-compute-local -d 192.168.50.2 -j nova-compute-inst-294
[0:0] -A nova-compute-inst-294 -m state --state INVALID -j DROP
[0:0] -A nova-compute-inst-294 -m state --state ESTABLISHED,RELATED -j ACCEPT
[0:0] -A nova-compute-inst-294 -j nova-compute-provider
[0:0] -A nova-compute-inst-294 -s 192.168.50.1 -p udp --sport 67 --dport 68 -j ACCEPT
[0:0] -A nova-compute-inst-294 -s 192.168.50.0/24 -j ACCEPT
[0:0] -A nova-compute-inst-294 -j ACCEPT -p tcp --dport 22 -s 0.0.0.0/0
[0:0] -A nova-compute-inst-294 -j ACCEPT -p icmp -s 0.0.0.0/0
[0:0] -A nova-compute-inst-294 -j nova-compute-sg-fallback
[0:0] -A INPUT -i virbr0 -p udp -m udp --dport 53 -j ACCEPT
[0:0] -A INPUT -i virbr0 -p tcp -m tcp --dport 53 -j ACCEPT
[0:0] -A INPUT -i virbr0 -p udp -m udp --dport 67 -j ACCEPT
[0:0] -A INPUT -i virbr0 -p tcp -m tcp --dport 67 -j ACCEPT
[0:0] -A FORWARD -d 192.168.122.0/24 -o virbr0 -m state --state RELATED,ESTABLISHED -j ACCEPT
[0:0] -A FORWARD -s 192.168.122.0/24 -i virbr0 -j ACCEPT
[0:0] -A FORWARD -i virbr0 -o virbr0 -j ACCEPT
[0:0] -A FORWARD -o virbr0 -j REJECT --reject-with icmp-port-unreachable
[0:0] -A FORWARD -i virbr0 -j REJECT --reject-with icmp-port-unreachable
COMMIT
# Completed on Mon Nov 25 11:00:24 2013

Command:(root)('chown', 109, '/var/lib/nova/instances/_base/4acfb815d9beadfc76b1e453590e2b94f743925f')
Command:(root)('chown', 109, '/var/lib/nova/instances/_base/4acfb815d9beadfc76b1e453590e2b94f743925f')
Command:(root)('chown', 109, '/var/lib/nova/instances/_base/4acfb815d9beadfc76b1e453590e2b94f743925f')
Command:(root)('chown', 109, '/var/lib/nova/instances/_base/4acfb815d9beadfc76b1e453590e2b94f743925f')
Command:(root)('chown', 109, '/var/lib/nova/instances/_base/4acfb815d9beadfc76b1e453590e2b94f743925f')
Command:(root)('chown', 109, '/var/lib/nova/instances/_base/4acfb815d9beadfc76b1e453590e2b94f743925f')
Command:(root)('iptables-save', '-c')
Return:
# Generated by iptables-save v1.4.12 on Mon Nov 25 14:51:18 2013
*nat
:PREROUTING ACCEPT [20042242:1274281189]
:INPUT ACCEPT [1345:355137]
:OUTPUT ACCEPT [463132:29723068]
:POSTROUTING ACCEPT [20502067:1303006924]
:nova-compute-OUTPUT - [0:0]
:nova-compute-POSTROUTING - [0:0]
:nova-compute-PREROUTING - [0:0]
:nova-compute-float-snat - [0:0]
:nova-compute-snat - [0:0]
:nova-postrouting-bottom - [0:0]
[664:114028] -A PREROUTING -j nova-compute-PREROUTING
[513:32730] -A OUTPUT -j nova-compute-OUTPUT
[1173:145446] -A POSTROUTING -j nova-compute-POSTROUTING
[0:0] -A POSTROUTING -s 192.168.122.0/24 ! -d 192.168.122.0/24 -p tcp -j MASQUERADE --to-ports 1024-65535
[0:0] -A POSTROUTING -s 192.168.122.0/24 ! -d 192.168.122.0/24 -p udp -j MASQUERADE --to-ports 1024-65535
[0:0] -A POSTROUTING -s 192.168.122.0/24 ! -d 192.168.122.0/24 -j MASQUERADE
[20659571:1326041572] -A POSTROUTING -j nova-postrouting-bottom
[1173:145446] -A nova-compute-snat -j nova-compute-float-snat
[1173:145446] -A nova-postrouting-bottom -j nova-compute-snat
COMMIT
# Completed on Mon Nov 25 14:51:18 2013
# Generated by iptables-save v1.4.12 on Mon Nov 25 14:51:18 2013
*mangle
:PREROUTING ACCEPT [207326544:57719752925]
:INPUT ACCEPT [49410293:39498101964]
:FORWARD ACCEPT [158371708:18280805153]
:OUTPUT ACCEPT [44454461:16893167850]
:POSTROUTING ACCEPT [202826169:35173973003]
:nova-compute-POSTROUTING - [0:0]
[49456:9613751] -A POSTROUTING -j nova-compute-POSTROUTING
[0:0] -A POSTROUTING -o virbr0 -p udp -m udp --dport 68 -j CHECKSUM --checksum-fill
COMMIT
# Completed on Mon Nov 25 14:51:18 2013
# Generated by iptables-save v1.4.12 on Mon Nov 25 14:51:18 2013
*filter
:INPUT ACCEPT [49383339:39489241178]
:FORWARD ACCEPT [0:0]
:OUTPUT ACCEPT [44454444:16893164188]
:nova-compute-FORWARD - [0:0]
:nova-compute-INPUT - [0:0]
:nova-compute-OUTPUT - [0:0]
:nova-compute-inst-294 - [0:0]
:nova-compute-local - [0:0]
:nova-compute-provider - [0:0]
:nova-compute-sg-fallback - [0:0]
:nova-filter-top - [0:0]
[36981:7570688] -A INPUT -j nova-compute-INPUT
[0:0] -A INPUT -i virbr0 -p udp -m udp --dport 53 -j ACCEPT
[0:0] -A INPUT -i virbr0 -p tcp -m tcp --dport 53 -j ACCEPT
[0:0] -A INPUT -i virbr0 -p udp -m udp --dport 67 -j ACCEPT
[0:0] -A INPUT -i virbr0 -p tcp -m tcp --dport 67 -j ACCEPT
[158735739:18421193107] -A FORWARD -j nova-filter-top
[2162:442553] -A FORWARD -j nova-compute-FORWARD
[0:0] -A FORWARD -d 192.168.122.0/24 -o virbr0 -m state --state RELATED,ESTABLISHED -j ACCEPT
[0:0] -A FORWARD -s 192.168.122.0/24 -i virbr0 -j ACCEPT
[0:0] -A FORWARD -i virbr0 -o virbr0 -j ACCEPT
[0:0] -A FORWARD -o virbr0 -j REJECT --reject-with icmp-port-unreachable
[0:0] -A FORWARD -i virbr0 -j REJECT --reject-with icmp-port-unreachable
[49179952:18913336543] -A OUTPUT -j nova-filter-top
[46676:9074958] -A OUTPUT -j nova-compute-OUTPUT
[22:7216] -A nova-compute-FORWARD -s 0.0.0.0/32 -d 255.255.255.255/32 -p udp -m udp --sport 68 --dport 67 -j ACCEPT
[2140:435337] -A nova-compute-FORWARD -i br100 -j ACCEPT
[0:0] -A nova-compute-FORWARD -o br100 -j ACCEPT
[17:5576] -A nova-compute-INPUT -s 0.0.0.0/32 -d 255.255.255.255/32 -p udp -m udp --sport 68 --dport 67 -j ACCEPT
[0:0] -A nova-compute-inst-294 -m state --state INVALID -j DROP
[616:95562] -A nova-compute-inst-294 -m state --state RELATED,ESTABLISHED -j ACCEPT
[2:678] -A nova-compute-inst-294 -j nova-compute-provider
[2:678] -A nova-compute-inst-294 -s 192.168.50.1/32 -p udp -m udp --sport 67 --dport 68 -j ACCEPT
[0:0] -A nova-compute-inst-294 -s 192.168.50.0/24 -j ACCEPT
[0:0] -A nova-compute-inst-294 -p tcp -m tcp --dport 22 -j ACCEPT
[0:0] -A nova-compute-inst-294 -p icmp -j ACCEPT
[0:0] -A nova-compute-inst-294 -j nova-compute-sg-fallback
[618:96240] -A nova-compute-local -d 192.168.50.2/32 -j nova-compute-inst-294
[0:0] -A nova-compute-sg-fallback -j DROP
[49456:9613751] -A nova-filter-top -j nova-compute-local
COMMIT
# Completed on Mon Nov 25 14:51:18 2013

Command:(root)('iptables-restore', '-c')
Parameter:
# Generated by iptables-save v1.4.12 on Mon Nov 25 14:51:18 2013
*nat
:PREROUTING ACCEPT [20042242:1274281189]
:INPUT ACCEPT [1345:355137]
:OUTPUT ACCEPT [463132:29723068]
:POSTROUTING ACCEPT [20502067:1303006924]
:nova-compute-OUTPUT - [0:0]
:nova-compute-snat - [0:0]
:nova-compute-PREROUTING - [0:0]
:nova-compute-float-snat - [0:0]
:nova-compute-POSTROUTING - [0:0]
:nova-postrouting-bottom - [0:0]
[0:0] -A PREROUTING -j nova-compute-PREROUTING
[0:0] -A OUTPUT -j nova-compute-OUTPUT
[0:0] -A POSTROUTING -j nova-compute-POSTROUTING
[0:0] -A nova-postrouting-bottom -j nova-compute-snat
[0:0] -A nova-compute-snat -j nova-compute-float-snat
[0:0] -A POSTROUTING -s 192.168.122.0/24 ! -d 192.168.122.0/24 -p tcp -j MASQUERADE --to-ports 1024-65535
[0:0] -A POSTROUTING -s 192.168.122.0/24 ! -d 192.168.122.0/24 -p udp -j MASQUERADE --to-ports 1024-65535
[0:0] -A POSTROUTING -s 192.168.122.0/24 ! -d 192.168.122.0/24 -j MASQUERADE
[20659571:1326041572] -A POSTROUTING -j nova-postrouting-bottom
COMMIT
# Completed on Mon Nov 25 14:51:18 2013
# Generated by iptables-save v1.4.12 on Mon Nov 25 14:51:18 2013
*mangle
:PREROUTING ACCEPT [207326544:57719752925]
:INPUT ACCEPT [49410293:39498101964]
:FORWARD ACCEPT [158371708:18280805153]
:OUTPUT ACCEPT [44454461:16893167850]
:POSTROUTING ACCEPT [202826169:35173973003]
:nova-compute-POSTROUTING - [0:0]
[0:0] -A POSTROUTING -j nova-compute-POSTROUTING
[0:0] -A POSTROUTING -o virbr0 -p udp -m udp --dport 68 -j CHECKSUM --checksum-fill
COMMIT
# Completed on Mon Nov 25 14:51:18 2013
# Generated by iptables-save v1.4.12 on Mon Nov 25 14:51:18 2013
*filter
:INPUT ACCEPT [49383339:39489241178]
:FORWARD ACCEPT [0:0]
:OUTPUT ACCEPT [44454444:16893164188]
:nova-compute-OUTPUT - [0:0]
:nova-compute-sg-fallback - [0:0]
:nova-compute-provider - [0:0]
:nova-compute-FORWARD - [0:0]
:nova-compute-INPUT - [0:0]
:nova-compute-local - [0:0]
:nova-compute-inst-294 - [0:0]
:nova-filter-top - [0:0]
[158735739:18421193107] -A FORWARD -j nova-filter-top
[49179952:18913336543] -A OUTPUT -j nova-filter-top
[0:0] -A nova-filter-top -j nova-compute-local
[0:0] -A INPUT -j nova-compute-INPUT
[0:0] -A OUTPUT -j nova-compute-OUTPUT
[0:0] -A FORWARD -j nova-compute-FORWARD
[0:0] -A nova-compute-sg-fallback -j DROP
[0:0] -A nova-compute-INPUT -s 0.0.0.0/32 -d 255.255.255.255/32 -p udp -m udp --sport 68 --dport 67 -j ACCEPT
[0:0] -A nova-compute-FORWARD -s 0.0.0.0/32 -d 255.255.255.255/32 -p udp -m udp --sport 68 --dport 67 -j ACCEPT
[0:0] -A nova-compute-FORWARD -i br100 -j ACCEPT
[0:0] -A nova-compute-FORWARD -o br100 -j ACCEPT
[0:0] -A nova-compute-local -d 192.168.50.2 -j nova-compute-inst-294
[0:0] -A nova-compute-inst-294 -m state --state INVALID -j DROP
[0:0] -A nova-compute-inst-294 -m state --state ESTABLISHED,RELATED -j ACCEPT
[0:0] -A nova-compute-inst-294 -j nova-compute-provider
[0:0] -A nova-compute-inst-294 -s 192.168.50.1 -p udp --sport 67 --dport 68 -j ACCEPT
[0:0] -A nova-compute-inst-294 -s 192.168.50.0/24 -j ACCEPT
[0:0] -A nova-compute-inst-294 -j ACCEPT -p tcp --dport 22 -s 0.0.0.0/0
[0:0] -A nova-compute-inst-294 -j ACCEPT -p icmp -s 0.0.0.0/0
[0:0] -A nova-compute-inst-294 -j nova-compute-sg-fallback
[0:0] -A INPUT -i virbr0 -p udp -m udp --dport 53 -j ACCEPT
[0:0] -A INPUT -i virbr0 -p tcp -m tcp --dport 53 -j ACCEPT
[0:0] -A INPUT -i virbr0 -p udp -m udp --dport 67 -j ACCEPT
[0:0] -A INPUT -i virbr0 -p tcp -m tcp --dport 67 -j ACCEPT
[0:0] -A FORWARD -d 192.168.122.0/24 -o virbr0 -m state --state RELATED,ESTABLISHED -j ACCEPT
[0:0] -A FORWARD -s 192.168.122.0/24 -i virbr0 -j ACCEPT
[0:0] -A FORWARD -i virbr0 -o virbr0 -j ACCEPT
[0:0] -A FORWARD -o virbr0 -j REJECT --reject-with icmp-port-unreachable
[0:0] -A FORWARD -i virbr0 -j REJECT --reject-with icmp-port-unreachable
COMMIT
# Completed on Mon Nov 25 14:51:18 2013

Command:(root)('iptables-save', '-c')
Return:
# Generated by iptables-save v1.4.12 on Mon Nov 25 14:59:40 2013
*nat
:PREROUTING ACCEPT [20042271:1274287245]
:INPUT ACCEPT [1346:355201]
:OUTPUT ACCEPT [463156:29724608]
:POSTROUTING ACCEPT [20502119:1303014456]
:nova-compute-OUTPUT - [0:0]
:nova-compute-POSTROUTING - [0:0]
:nova-compute-PREROUTING - [0:0]
:nova-compute-float-snat - [0:0]
:nova-compute-snat - [0:0]
:nova-postrouting-bottom - [0:0]
[29:6056] -A PREROUTING -j nova-compute-PREROUTING
[24:1540] -A OUTPUT -j nova-compute-OUTPUT
[52:7532] -A POSTROUTING -j nova-compute-POSTROUTING
[0:0] -A POSTROUTING -s 192.168.122.0/24 ! -d 192.168.122.0/24 -p tcp -j MASQUERADE --to-ports 1024-65535
[0:0] -A POSTROUTING -s 192.168.122.0/24 ! -d 192.168.122.0/24 -p udp -j MASQUERADE --to-ports 1024-65535
[0:0] -A POSTROUTING -s 192.168.122.0/24 ! -d 192.168.122.0/24 -j MASQUERADE
[20659623:1326049104] -A POSTROUTING -j nova-postrouting-bottom
[52:7532] -A nova-compute-snat -j nova-compute-float-snat
[52:7532] -A nova-postrouting-bottom -j nova-compute-snat
COMMIT
# Completed on Mon Nov 25 14:59:40 2013
# Generated by iptables-save v1.4.12 on Mon Nov 25 14:59:40 2013
*mangle
:PREROUTING ACCEPT [207328519:57720084515]
:INPUT ACCEPT [49412195:39498417515]
:FORWARD ACCEPT [158371811:18280827776]
:OUTPUT ACCEPT [44456565:16893595247]
:POSTROUTING ACCEPT [202828376:35174423023]
:nova-compute-POSTROUTING - [0:0]
[2207:450020] -A POSTROUTING -j nova-compute-POSTROUTING
[0:0] -A POSTROUTING -o virbr0 -p udp -m udp --dport 68 -j CHECKSUM --checksum-fill
COMMIT
# Completed on Mon Nov 25 14:59:40 2013
# Generated by iptables-save v1.4.12 on Mon Nov 25 14:59:40 2013
*filter
:INPUT ACCEPT [49385239:39489556073]
:FORWARD ACCEPT [0:0]
:OUTPUT ACCEPT [44456548:16893591585]
:nova-compute-FORWARD - [0:0]
:nova-compute-INPUT - [0:0]
:nova-compute-OUTPUT - [0:0]
:nova-compute-inst-294 - [0:0]
:nova-compute-local - [0:0]
:nova-compute-provider - [0:0]
:nova-compute-sg-fallback - [0:0]
:nova-filter-top - [0:0]
[1902:315551] -A INPUT -j nova-compute-INPUT
[0:0] -A INPUT -i virbr0 -p udp -m udp --dport 53 -j ACCEPT
[0:0] -A INPUT -i virbr0 -p tcp -m tcp --dport 53 -j ACCEPT
[0:0] -A INPUT -i virbr0 -p udp -m udp --dport 67 -j ACCEPT
[0:0] -A INPUT -i virbr0 -p tcp -m tcp --dport 67 -j ACCEPT
[158735842:18421215730] -A FORWARD -j nova-filter-top
[86:19688] -A FORWARD -j nova-compute-FORWARD
[0:0] -A FORWARD -d 192.168.122.0/24 -o virbr0 -m state --state RELATED,ESTABLISHED -j ACCEPT
[0:0] -A FORWARD -s 192.168.122.0/24 -i virbr0 -j ACCEPT
[0:0] -A FORWARD -i virbr0 -o virbr0 -j ACCEPT
[0:0] -A FORWARD -o virbr0 -j REJECT --reject-with icmp-port-unreachable
[0:0] -A FORWARD -i virbr0 -j REJECT --reject-with icmp-port-unreachable
[49182056:18913763940] -A OUTPUT -j nova-filter-top
[2104:427397] -A OUTPUT -j nova-compute-OUTPUT
[4:1312] -A nova-compute-FORWARD -s 0.0.0.0/32 -d 255.255.255.255/32 -p udp -m udp --sport 68 --dport 67 -j ACCEPT
[82:18376] -A nova-compute-FORWARD -i br100 -j ACCEPT
[0:0] -A nova-compute-FORWARD -o br100 -j ACCEPT
[2:656] -A nova-compute-INPUT -s 0.0.0.0/32 -d 255.255.255.255/32 -p udp -m udp --sport 68 --dport 67 -j ACCEPT
[0:0] -A nova-compute-inst-294 -m state --state INVALID -j DROP
[17:2935] -A nova-compute-inst-294 -m state --state RELATED,ESTABLISHED -j ACCEPT
[0:0] -A nova-compute-inst-294 -j nova-compute-provider
[0:0] -A nova-compute-inst-294 -s 192.168.50.1/32 -p udp -m udp --sport 67 --dport 68 -j ACCEPT
[0:0] -A nova-compute-inst-294 -s 192.168.50.0/24 -j ACCEPT
[0:0] -A nova-compute-inst-294 -p tcp -m tcp --dport 22 -j ACCEPT
[0:0] -A nova-compute-inst-294 -p icmp -j ACCEPT
[0:0] -A nova-compute-inst-294 -j nova-compute-sg-fallback
[17:2935] -A nova-compute-local -d 192.168.50.2/32 -j nova-compute-inst-294
[0:0] -A nova-compute-sg-fallback -j DROP
[2207:450020] -A nova-filter-top -j nova-compute-local
COMMIT
# Completed on Mon Nov 25 14:59:40 2013

Command:(root)('iptables-restore', '-c')
Parameter:
# Generated by iptables-save v1.4.12 on Mon Nov 25 14:59:40 2013
*nat
:PREROUTING ACCEPT [20042271:1274287245]
:INPUT ACCEPT [1346:355201]
:OUTPUT ACCEPT [463156:29724608]
:POSTROUTING ACCEPT [20502119:1303014456]
:nova-compute-OUTPUT - [0:0]
:nova-compute-snat - [0:0]
:nova-compute-PREROUTING - [0:0]
:nova-compute-float-snat - [0:0]
:nova-compute-POSTROUTING - [0:0]
:nova-postrouting-bottom - [0:0]
[0:0] -A PREROUTING -j nova-compute-PREROUTING
[0:0] -A OUTPUT -j nova-compute-OUTPUT
[0:0] -A POSTROUTING -j nova-compute-POSTROUTING
[0:0] -A nova-postrouting-bottom -j nova-compute-snat
[0:0] -A nova-compute-snat -j nova-compute-float-snat
[0:0] -A POSTROUTING -s 192.168.122.0/24 ! -d 192.168.122.0/24 -p tcp -j MASQUERADE --to-ports 1024-65535
[0:0] -A POSTROUTING -s 192.168.122.0/24 ! -d 192.168.122.0/24 -p udp -j MASQUERADE --to-ports 1024-65535
[0:0] -A POSTROUTING -s 192.168.122.0/24 ! -d 192.168.122.0/24 -j MASQUERADE
[20659623:1326049104] -A POSTROUTING -j nova-postrouting-bottom
COMMIT
# Completed on Mon Nov 25 14:59:40 2013
# Generated by iptables-save v1.4.12 on Mon Nov 25 14:59:40 2013
*mangle
:PREROUTING ACCEPT [207328519:57720084515]
:INPUT ACCEPT [49412195:39498417515]
:FORWARD ACCEPT [158371811:18280827776]
:OUTPUT ACCEPT [44456565:16893595247]
:POSTROUTING ACCEPT [202828376:35174423023]
:nova-compute-POSTROUTING - [0:0]
[0:0] -A POSTROUTING -j nova-compute-POSTROUTING
[0:0] -A POSTROUTING -o virbr0 -p udp -m udp --dport 68 -j CHECKSUM --checksum-fill
COMMIT
# Completed on Mon Nov 25 14:59:40 2013
# Generated by iptables-save v1.4.12 on Mon Nov 25 14:59:40 2013
*filter
:INPUT ACCEPT [49385239:39489556073]
:FORWARD ACCEPT [0:0]
:OUTPUT ACCEPT [44456548:16893591585]
:nova-compute-OUTPUT - [0:0]
:nova-compute-sg-fallback - [0:0]
:nova-compute-provider - [0:0]
:nova-compute-FORWARD - [0:0]
:nova-compute-INPUT - [0:0]
:nova-compute-local - [0:0]
:nova-compute-inst-294 - [0:0]
:nova-filter-top - [0:0]
[158735842:18421215730] -A FORWARD -j nova-filter-top
[49182056:18913763940] -A OUTPUT -j nova-filter-top
[0:0] -A nova-filter-top -j nova-compute-local
[0:0] -A INPUT -j nova-compute-INPUT
[0:0] -A OUTPUT -j nova-compute-OUTPUT
[0:0] -A FORWARD -j nova-compute-FORWARD
[0:0] -A nova-compute-sg-fallback -j DROP
[0:0] -A nova-compute-INPUT -s 0.0.0.0/32 -d 255.255.255.255/32 -p udp -m udp --sport 68 --dport 67 -j ACCEPT
[0:0] -A nova-compute-FORWARD -s 0.0.0.0/32 -d 255.255.255.255/32 -p udp -m udp --sport 68 --dport 67 -j ACCEPT
[0:0] -A nova-compute-FORWARD -i br100 -j ACCEPT
[0:0] -A nova-compute-FORWARD -o br100 -j ACCEPT
[0:0] -A nova-compute-local -d 192.168.50.2 -j nova-compute-inst-294
[0:0] -A nova-compute-inst-294 -m state --state INVALID -j DROP
[0:0] -A nova-compute-inst-294 -m state --state ESTABLISHED,RELATED -j ACCEPT
[0:0] -A nova-compute-inst-294 -j nova-compute-provider
[0:0] -A nova-compute-inst-294 -s 192.168.50.1 -p udp --sport 67 --dport 68 -j ACCEPT
[0:0] -A nova-compute-inst-294 -s 192.168.50.0/24 -j ACCEPT
[0:0] -A nova-compute-inst-294 -j ACCEPT -p tcp --dport 22 -s 0.0.0.0/0
[0:0] -A nova-compute-inst-294 -j ACCEPT -p icmp -s 0.0.0.0/0
[0:0] -A nova-compute-inst-294 -j nova-compute-sg-fallback
[0:0] -A INPUT -i virbr0 -p udp -m udp --dport 53 -j ACCEPT
[0:0] -A INPUT -i virbr0 -p tcp -m tcp --dport 53 -j ACCEPT
[0:0] -A INPUT -i virbr0 -p udp -m udp --dport 67 -j ACCEPT
[0:0] -A INPUT -i virbr0 -p tcp -m tcp --dport 67 -j ACCEPT
[0:0] -A FORWARD -d 192.168.122.0/24 -o virbr0 -m state --state RELATED,ESTABLISHED -j ACCEPT
[0:0] -A FORWARD -s 192.168.122.0/24 -i virbr0 -j ACCEPT
[0:0] -A FORWARD -i virbr0 -o virbr0 -j ACCEPT
[0:0] -A FORWARD -o virbr0 -j REJECT --reject-with icmp-port-unreachable
[0:0] -A FORWARD -i virbr0 -j REJECT --reject-with icmp-port-unreachable
COMMIT
# Completed on Mon Nov 25 14:59:40 2013

Command:(root)('iptables-save', '-c')
Return:
# Generated by iptables-save v1.4.12 on Mon Nov 25 15:01:27 2013
*nat
:PREROUTING ACCEPT [20042276:1274288087]
:INPUT ACCEPT [1346:355201]
:OUTPUT ACCEPT [463160:29724856]
:POSTROUTING ACCEPT [20502128:1303015546]
:nova-compute-OUTPUT - [0:0]
:nova-compute-POSTROUTING - [0:0]
:nova-compute-PREROUTING - [0:0]
:nova-compute-float-snat - [0:0]
:nova-compute-snat - [0:0]
:nova-postrouting-bottom - [0:0]
[5:842] -A PREROUTING -j nova-compute-PREROUTING
[4:248] -A OUTPUT -j nova-compute-OUTPUT
[9:1090] -A POSTROUTING -j nova-compute-POSTROUTING
[0:0] -A POSTROUTING -s 192.168.122.0/24 ! -d 192.168.122.0/24 -p tcp -j MASQUERADE --to-ports 1024-65535
[0:0] -A POSTROUTING -s 192.168.122.0/24 ! -d 192.168.122.0/24 -p udp -j MASQUERADE --to-ports 1024-65535
[0:0] -A POSTROUTING -s 192.168.122.0/24 ! -d 192.168.122.0/24 -j MASQUERADE
[20659632:1326050194] -A POSTROUTING -j nova-postrouting-bottom
[9:1090] -A nova-compute-snat -j nova-compute-float-snat
[9:1090] -A nova-postrouting-bottom -j nova-compute-snat
COMMIT
# Completed on Mon Nov 25 15:01:27 2013
# Generated by iptables-save v1.4.12 on Mon Nov 25 15:01:27 2013
*mangle
:PREROUTING ACCEPT [207328864:57720164969]
:INPUT ACCEPT [49412524:39498494578]
:FORWARD ACCEPT [158371831:18280831887]
:OUTPUT ACCEPT [44456979:16893670784]
:POSTROUTING ACCEPT [202828810:35174502671]
:nova-compute-POSTROUTING - [0:0]
[434:79648] -A POSTROUTING -j nova-compute-POSTROUTING
[0:0] -A POSTROUTING -o virbr0 -p udp -m udp --dport 68 -j CHECKSUM --checksum-fill
COMMIT
# Completed on Mon Nov 25 15:01:27 2013
# Generated by iptables-save v1.4.12 on Mon Nov 25 15:01:27 2013
*filter
:INPUT ACCEPT [49385568:39489633136]
:FORWARD ACCEPT [0:0]
:OUTPUT ACCEPT [44456962:16893667122]
:nova-compute-FORWARD - [0:0]
:nova-compute-INPUT - [0:0]
:nova-compute-OUTPUT - [0:0]
:nova-compute-inst-294 - [0:0]
:nova-compute-local - [0:0]
:nova-compute-provider - [0:0]
:nova-compute-sg-fallback - [0:0]
:nova-filter-top - [0:0]
[329:77063] -A INPUT -j nova-compute-INPUT
[0:0] -A INPUT -i virbr0 -p udp -m udp --dport 53 -j ACCEPT
[0:0] -A INPUT -i virbr0 -p tcp -m tcp --dport 53 -j ACCEPT
[0:0] -A INPUT -i virbr0 -p udp -m udp --dport 67 -j ACCEPT
[0:0] -A INPUT -i virbr0 -p tcp -m tcp --dport 67 -j ACCEPT
[158735862:18421219841] -A FORWARD -j nova-filter-top
[16:3266] -A FORWARD -j nova-compute-FORWARD
[0:0] -A FORWARD -d 192.168.122.0/24 -o virbr0 -m state --state RELATED,ESTABLISHED -j ACCEPT
[0:0] -A FORWARD -s 192.168.122.0/24 -i virbr0 -j ACCEPT
[0:0] -A FORWARD -i virbr0 -o virbr0 -j ACCEPT
[0:0] -A FORWARD -o virbr0 -j REJECT --reject-with icmp-port-unreachable
[0:0] -A FORWARD -i virbr0 -j REJECT --reject-with icmp-port-unreachable
[49182470:18913839477] -A OUTPUT -j nova-filter-top
[414:75537] -A OUTPUT -j nova-compute-OUTPUT
[0:0] -A nova-compute-FORWARD -s 0.0.0.0/32 -d 255.255.255.255/32 -p udp -m udp --sport 68 --dport 67 -j ACCEPT
[16:3266] -A nova-compute-FORWARD -i br100 -j ACCEPT
[0:0] -A nova-compute-FORWARD -o br100 -j ACCEPT
[0:0] -A nova-compute-INPUT -s 0.0.0.0/32 -d 255.255.255.255/32 -p udp -m udp --sport 68 --dport 67 -j ACCEPT
[0:0] -A nova-compute-inst-294 -m state --state INVALID -j DROP
[4:845] -A nova-compute-inst-294 -m state --state RELATED,ESTABLISHED -j ACCEPT
[0:0] -A nova-compute-inst-294 -j nova-compute-provider
[0:0] -A nova-compute-inst-294 -s 192.168.50.1/32 -p udp -m udp --sport 67 --dport 68 -j ACCEPT
[0:0] -A nova-compute-inst-294 -s 192.168.50.0/24 -j ACCEPT
[0:0] -A nova-compute-inst-294 -p tcp -m tcp --dport 22 -j ACCEPT
[0:0] -A nova-compute-inst-294 -p icmp -j ACCEPT
[0:0] -A nova-compute-inst-294 -j nova-compute-sg-fallback
[4:845] -A nova-compute-local -d 192.168.50.2/32 -j nova-compute-inst-294
[0:0] -A nova-compute-sg-fallback -j DROP
[434:79648] -A nova-filter-top -j nova-compute-local
COMMIT
# Completed on Mon Nov 25 15:01:27 2013

Command:(root)('iptables-restore', '-c')
Parameter:
# Generated by iptables-save v1.4.12 on Mon Nov 25 15:01:27 2013
*nat
:PREROUTING ACCEPT [20042276:1274288087]
:INPUT ACCEPT [1346:355201]
:OUTPUT ACCEPT [463160:29724856]
:POSTROUTING ACCEPT [20502128:1303015546]
:nova-compute-OUTPUT - [0:0]
:nova-compute-snat - [0:0]
:nova-compute-PREROUTING - [0:0]
:nova-compute-float-snat - [0:0]
:nova-compute-POSTROUTING - [0:0]
:nova-postrouting-bottom - [0:0]
[0:0] -A PREROUTING -j nova-compute-PREROUTING
[0:0] -A OUTPUT -j nova-compute-OUTPUT
[0:0] -A POSTROUTING -j nova-compute-POSTROUTING
[0:0] -A nova-postrouting-bottom -j nova-compute-snat
[0:0] -A nova-compute-snat -j nova-compute-float-snat
[0:0] -A POSTROUTING -s 192.168.122.0/24 ! -d 192.168.122.0/24 -p tcp -j MASQUERADE --to-ports 1024-65535
[0:0] -A POSTROUTING -s 192.168.122.0/24 ! -d 192.168.122.0/24 -p udp -j MASQUERADE --to-ports 1024-65535
[0:0] -A POSTROUTING -s 192.168.122.0/24 ! -d 192.168.122.0/24 -j MASQUERADE
[20659632:1326050194] -A POSTROUTING -j nova-postrouting-bottom
COMMIT
# Completed on Mon Nov 25 15:01:27 2013
# Generated by iptables-save v1.4.12 on Mon Nov 25 15:01:27 2013
*mangle
:PREROUTING ACCEPT [207328864:57720164969]
:INPUT ACCEPT [49412524:39498494578]
:FORWARD ACCEPT [158371831:18280831887]
:OUTPUT ACCEPT [44456979:16893670784]
:POSTROUTING ACCEPT [202828810:35174502671]
:nova-compute-POSTROUTING - [0:0]
[0:0] -A POSTROUTING -j nova-compute-POSTROUTING
[0:0] -A POSTROUTING -o virbr0 -p udp -m udp --dport 68 -j CHECKSUM --checksum-fill
COMMIT
# Completed on Mon Nov 25 15:01:27 2013
# Generated by iptables-save v1.4.12 on Mon Nov 25 15:01:27 2013
*filter
:INPUT ACCEPT [49385568:39489633136]
:FORWARD ACCEPT [0:0]
:OUTPUT ACCEPT [44456962:16893667122]
:nova-compute-OUTPUT - [0:0]
:nova-compute-sg-fallback - [0:0]
:nova-compute-provider - [0:0]
:nova-compute-FORWARD - [0:0]
:nova-compute-INPUT - [0:0]
:nova-compute-local - [0:0]
:nova-compute-inst-294 - [0:0]
:nova-filter-top - [0:0]
[158735862:18421219841] -A FORWARD -j nova-filter-top
[49182470:18913839477] -A OUTPUT -j nova-filter-top
[0:0] -A nova-filter-top -j nova-compute-local
[0:0] -A INPUT -j nova-compute-INPUT
[0:0] -A OUTPUT -j nova-compute-OUTPUT
[0:0] -A FORWARD -j nova-compute-FORWARD
[0:0] -A nova-compute-sg-fallback -j DROP
[0:0] -A nova-compute-INPUT -s 0.0.0.0/32 -d 255.255.255.255/32 -p udp -m udp --sport 68 --dport 67 -j ACCEPT
[0:0] -A nova-compute-FORWARD -s 0.0.0.0/32 -d 255.255.255.255/32 -p udp -m udp --sport 68 --dport 67 -j ACCEPT
[0:0] -A nova-compute-FORWARD -i br100 -j ACCEPT
[0:0] -A nova-compute-FORWARD -o br100 -j ACCEPT
[0:0] -A nova-compute-local -d 192.168.50.2 -j nova-compute-inst-294
[0:0] -A nova-compute-inst-294 -m state --state INVALID -j DROP
[0:0] -A nova-compute-inst-294 -m state --state ESTABLISHED,RELATED -j ACCEPT
[0:0] -A nova-compute-inst-294 -j nova-compute-provider
[0:0] -A nova-compute-inst-294 -s 192.168.50.1 -p udp --sport 67 --dport 68 -j ACCEPT
[0:0] -A nova-compute-inst-294 -s 192.168.50.0/24 -j ACCEPT
[0:0] -A nova-compute-inst-294 -j ACCEPT -p tcp --dport 22 -s 0.0.0.0/0
[0:0] -A nova-compute-inst-294 -j ACCEPT -p icmp -s 0.0.0.0/0
[0:0] -A nova-compute-inst-294 -j nova-compute-sg-fallback
[0:0] -A INPUT -i virbr0 -p udp -m udp --dport 53 -j ACCEPT
[0:0] -A INPUT -i virbr0 -p tcp -m tcp --dport 53 -j ACCEPT
[0:0] -A INPUT -i virbr0 -p udp -m udp --dport 67 -j ACCEPT
[0:0] -A INPUT -i virbr0 -p tcp -m tcp --dport 67 -j ACCEPT
[0:0] -A FORWARD -d 192.168.122.0/24 -o virbr0 -m state --state RELATED,ESTABLISHED -j ACCEPT
[0:0] -A FORWARD -s 192.168.122.0/24 -i virbr0 -j ACCEPT
[0:0] -A FORWARD -i virbr0 -o virbr0 -j ACCEPT
[0:0] -A FORWARD -o virbr0 -j REJECT --reject-with icmp-port-unreachable
[0:0] -A FORWARD -i virbr0 -j REJECT --reject-with icmp-port-unreachable
COMMIT
# Completed on Mon Nov 25 15:01:27 2013

Command:(root)('iptables-save', '-c')
Return:
# Generated by iptables-save v1.4.12 on Mon Nov 25 15:10:25 2013
*nat
:PREROUTING ACCEPT [20042304:1274294079]
:INPUT ACCEPT [1346:355201]
:OUTPUT ACCEPT [463180:29726124]
:POSTROUTING ACCEPT [20502176:1303022806]
:nova-compute-OUTPUT - [0:0]
:nova-compute-POSTROUTING - [0:0]
:nova-compute-PREROUTING - [0:0]
:nova-compute-float-snat - [0:0]
:nova-compute-snat - [0:0]
:nova-postrouting-bottom - [0:0]
[28:5992] -A PREROUTING -j nova-compute-PREROUTING
[20:1268] -A OUTPUT -j nova-compute-OUTPUT
[48:7260] -A POSTROUTING -j nova-compute-POSTROUTING
[0:0] -A POSTROUTING -s 192.168.122.0/24 ! -d 192.168.122.0/24 -p tcp -j MASQUERADE --to-ports 1024-65535
[0:0] -A POSTROUTING -s 192.168.122.0/24 ! -d 192.168.122.0/24 -p udp -j MASQUERADE --to-ports 1024-65535
[0:0] -A POSTROUTING -s 192.168.122.0/24 ! -d 192.168.122.0/24 -j MASQUERADE
[20659680:1326057454] -A POSTROUTING -j nova-postrouting-bottom
[48:7260] -A nova-compute-snat -j nova-compute-float-snat
[48:7260] -A nova-postrouting-bottom -j nova-compute-snat
COMMIT
# Completed on Mon Nov 25 15:10:25 2013
# Generated by iptables-save v1.4.12 on Mon Nov 25 15:10:25 2013
*mangle
:PREROUTING ACCEPT [207330595:57720491282]
:INPUT ACCEPT [49414182:39498803964]
:FORWARD ACCEPT [158371935:18280855430]
:OUTPUT ACCEPT [44458963:16894102772]
:POSTROUTING ACCEPT [202830898:35174958202]
:nova-compute-POSTROUTING - [0:0]
[2088:455531] -A POSTROUTING -j nova-compute-POSTROUTING
[0:0] -A POSTROUTING -o virbr0 -p udp -m udp --dport 68 -j CHECKSUM --checksum-fill
COMMIT
# Completed on Mon Nov 25 15:10:25 2013
# Generated by iptables-save v1.4.12 on Mon Nov 25 15:10:25 2013
*filter
:INPUT ACCEPT [49387224:39489941866]
:FORWARD ACCEPT [0:0]
:OUTPUT ACCEPT [44458946:16894099110]
:nova-compute-FORWARD - [0:0]
:nova-compute-INPUT - [0:0]
:nova-compute-OUTPUT - [0:0]
:nova-compute-inst-294 - [0:0]
:nova-compute-local - [0:0]
:nova-compute-provider - [0:0]
:nova-compute-sg-fallback - [0:0]
:nova-filter-top - [0:0]
[1658:309386] -A INPUT -j nova-compute-INPUT
[0:0] -A INPUT -i virbr0 -p udp -m udp --dport 53 -j ACCEPT
[0:0] -A INPUT -i virbr0 -p tcp -m tcp --dport 53 -j ACCEPT
[0:0] -A INPUT -i virbr0 -p udp -m udp --dport 67 -j ACCEPT
[0:0] -A INPUT -i virbr0 -p tcp -m tcp --dport 67 -j ACCEPT
[158735966:18421243384] -A FORWARD -j nova-filter-top
[87:20608] -A FORWARD -j nova-compute-FORWARD
[0:0] -A FORWARD -d 192.168.122.0/24 -o virbr0 -m state --state RELATED,ESTABLISHED -j ACCEPT
[0:0] -A FORWARD -s 192.168.122.0/24 -i virbr0 -j ACCEPT
[0:0] -A FORWARD -i virbr0 -o virbr0 -j ACCEPT
[0:0] -A FORWARD -o virbr0 -j REJECT --reject-with icmp-port-unreachable
[0:0] -A FORWARD -i virbr0 -j REJECT --reject-with icmp-port-unreachable
[49184454:18914271465] -A OUTPUT -j nova-filter-top
[1984:431988] -A OUTPUT -j nova-compute-OUTPUT
[4:1312] -A nova-compute-FORWARD -s 0.0.0.0/32 -d 255.255.255.255/32 -p udp -m udp --sport 68 --dport 67 -j ACCEPT
[83:19296] -A nova-compute-FORWARD -i br100 -j ACCEPT
[0:0] -A nova-compute-FORWARD -o br100 -j ACCEPT
[2:656] -A nova-compute-INPUT -s 0.0.0.0/32 -d 255.255.255.255/32 -p udp -m udp --sport 68 --dport 67 -j ACCEPT
[0:0] -A nova-compute-inst-294 -m state --state INVALID -j DROP
[17:2935] -A nova-compute-inst-294 -m state --state RELATED,ESTABLISHED -j ACCEPT
[0:0] -A nova-compute-inst-294 -j nova-compute-provider
[0:0] -A nova-compute-inst-294 -s 192.168.50.1/32 -p udp -m udp --sport 67 --dport 68 -j ACCEPT
[0:0] -A nova-compute-inst-294 -s 192.168.50.0/24 -j ACCEPT
[0:0] -A nova-compute-inst-294 -p tcp -m tcp --dport 22 -j ACCEPT
[0:0] -A nova-compute-inst-294 -p icmp -j ACCEPT
[0:0] -A nova-compute-inst-294 -j nova-compute-sg-fallback
[17:2935] -A nova-compute-local -d 192.168.50.2/32 -j nova-compute-inst-294
[0:0] -A nova-compute-sg-fallback -j DROP
[2088:455531] -A nova-filter-top -j nova-compute-local
COMMIT
# Completed on Mon Nov 25 15:10:25 2013

Command:(root)('iptables-restore', '-c')
Parameter:
# Generated by iptables-save v1.4.12 on Mon Nov 25 15:10:25 2013
*nat
:PREROUTING ACCEPT [20042304:1274294079]
:INPUT ACCEPT [1346:355201]
:OUTPUT ACCEPT [463180:29726124]
:POSTROUTING ACCEPT [20502176:1303022806]
:nova-compute-OUTPUT - [0:0]
:nova-compute-snat - [0:0]
:nova-compute-PREROUTING - [0:0]
:nova-compute-float-snat - [0:0]
:nova-compute-POSTROUTING - [0:0]
:nova-postrouting-bottom - [0:0]
[0:0] -A PREROUTING -j nova-compute-PREROUTING
[0:0] -A OUTPUT -j nova-compute-OUTPUT
[0:0] -A POSTROUTING -j nova-compute-POSTROUTING
[0:0] -A nova-postrouting-bottom -j nova-compute-snat
[0:0] -A nova-compute-snat -j nova-compute-float-snat
[0:0] -A POSTROUTING -s 192.168.122.0/24 ! -d 192.168.122.0/24 -p tcp -j MASQUERADE --to-ports 1024-65535
[0:0] -A POSTROUTING -s 192.168.122.0/24 ! -d 192.168.122.0/24 -p udp -j MASQUERADE --to-ports 1024-65535
[0:0] -A POSTROUTING -s 192.168.122.0/24 ! -d 192.168.122.0/24 -j MASQUERADE
[20659680:1326057454] -A POSTROUTING -j nova-postrouting-bottom
COMMIT
# Completed on Mon Nov 25 15:10:25 2013
# Generated by iptables-save v1.4.12 on Mon Nov 25 15:10:25 2013
*mangle
:PREROUTING ACCEPT [207330595:57720491282]
:INPUT ACCEPT [49414182:39498803964]
:FORWARD ACCEPT [158371935:18280855430]
:OUTPUT ACCEPT [44458963:16894102772]
:POSTROUTING ACCEPT [202830898:35174958202]
:nova-compute-POSTROUTING - [0:0]
[0:0] -A POSTROUTING -j nova-compute-POSTROUTING
[0:0] -A POSTROUTING -o virbr0 -p udp -m udp --dport 68 -j CHECKSUM --checksum-fill
COMMIT
# Completed on Mon Nov 25 15:10:25 2013
# Generated by iptables-save v1.4.12 on Mon Nov 25 15:10:25 2013
*filter
:INPUT ACCEPT [49387224:39489941866]
:FORWARD ACCEPT [0:0]
:OUTPUT ACCEPT [44458946:16894099110]
:nova-compute-OUTPUT - [0:0]
:nova-compute-sg-fallback - [0:0]
:nova-compute-provider - [0:0]
:nova-compute-FORWARD - [0:0]
:nova-compute-INPUT - [0:0]
:nova-compute-local - [0:0]
:nova-compute-inst-294 - [0:0]
:nova-filter-top - [0:0]
[158735966:18421243384] -A FORWARD -j nova-filter-top
[49184454:18914271465] -A OUTPUT -j nova-filter-top
[0:0] -A nova-filter-top -j nova-compute-local
[0:0] -A INPUT -j nova-compute-INPUT
[0:0] -A OUTPUT -j nova-compute-OUTPUT
[0:0] -A FORWARD -j nova-compute-FORWARD
[0:0] -A nova-compute-sg-fallback -j DROP
[0:0] -A nova-compute-INPUT -s 0.0.0.0/32 -d 255.255.255.255/32 -p udp -m udp --sport 68 --dport 67 -j ACCEPT
[0:0] -A nova-compute-FORWARD -s 0.0.0.0/32 -d 255.255.255.255/32 -p udp -m udp --sport 68 --dport 67 -j ACCEPT
[0:0] -A nova-compute-FORWARD -i br100 -j ACCEPT
[0:0] -A nova-compute-FORWARD -o br100 -j ACCEPT
[0:0] -A nova-compute-local -d 192.168.50.2 -j nova-compute-inst-294
[0:0] -A nova-compute-inst-294 -m state --state INVALID -j DROP
[0:0] -A nova-compute-inst-294 -m state --state ESTABLISHED,RELATED -j ACCEPT
[0:0] -A nova-compute-inst-294 -j nova-compute-provider
[0:0] -A nova-compute-inst-294 -s 192.168.50.1 -p udp --sport 67 --dport 68 -j ACCEPT
[0:0] -A nova-compute-inst-294 -s 192.168.50.0/24 -j ACCEPT
[0:0] -A nova-compute-inst-294 -j ACCEPT -p tcp --dport 22 -s 0.0.0.0/0
[0:0] -A nova-compute-inst-294 -j ACCEPT -p icmp -s 0.0.0.0/0
[0:0] -A nova-compute-inst-294 -j nova-compute-sg-fallback
[0:0] -A INPUT -i virbr0 -p udp -m udp --dport 53 -j ACCEPT
[0:0] -A INPUT -i virbr0 -p tcp -m tcp --dport 53 -j ACCEPT
[0:0] -A INPUT -i virbr0 -p udp -m udp --dport 67 -j ACCEPT
[0:0] -A INPUT -i virbr0 -p tcp -m tcp --dport 67 -j ACCEPT
[0:0] -A FORWARD -d 192.168.122.0/24 -o virbr0 -m state --state RELATED,ESTABLISHED -j ACCEPT
[0:0] -A FORWARD -s 192.168.122.0/24 -i virbr0 -j ACCEPT
[0:0] -A FORWARD -i virbr0 -o virbr0 -j ACCEPT
[0:0] -A FORWARD -o virbr0 -j REJECT --reject-with icmp-port-unreachable
[0:0] -A FORWARD -i virbr0 -j REJECT --reject-with icmp-port-unreachable
COMMIT
# Completed on Mon Nov 25 15:10:25 2013

Command:(root)('iptables-save', '-c')
Return:
# Generated by iptables-save v1.4.12 on Mon Nov 25 15:11:55 2013
*nat
:PREROUTING ACCEPT [20042312:1274295905]
:INPUT ACCEPT [1346:355201]
:OUTPUT ACCEPT [463184:29726372]
:POSTROUTING ACCEPT [20502188:1303024880]
:nova-compute-OUTPUT - [0:0]
:nova-compute-POSTROUTING - [0:0]
:nova-compute-PREROUTING - [0:0]
:nova-compute-float-snat - [0:0]
:nova-compute-snat - [0:0]
:nova-postrouting-bottom - [0:0]
[8:1826] -A PREROUTING -j nova-compute-PREROUTING
[4:248] -A OUTPUT -j nova-compute-OUTPUT
[12:2074] -A POSTROUTING -j nova-compute-POSTROUTING
[0:0] -A POSTROUTING -s 192.168.122.0/24 ! -d 192.168.122.0/24 -p tcp -j MASQUERADE --to-ports 1024-65535
[0:0] -A POSTROUTING -s 192.168.122.0/24 ! -d 192.168.122.0/24 -p udp -j MASQUERADE --to-ports 1024-65535
[0:0] -A POSTROUTING -s 192.168.122.0/24 ! -d 192.168.122.0/24 -j MASQUERADE
[20659692:1326059528] -A POSTROUTING -j nova-postrouting-bottom
[12:2074] -A nova-compute-snat -j nova-compute-float-snat
[12:2074] -A nova-postrouting-bottom -j nova-compute-snat
COMMIT
# Completed on Mon Nov 25 15:11:55 2013
# Generated by iptables-save v1.4.12 on Mon Nov 25 15:11:55 2013
*mangle
:PREROUTING ACCEPT [207330832:57720536694]
:INPUT ACCEPT [49414405:39498846345]
:FORWARD ACCEPT [158371960:18280861181]
:OUTPUT ACCEPT [44459240:16894155078]
:POSTROUTING ACCEPT [202831200:35175016259]
:nova-compute-POSTROUTING - [0:0]
[302:58057] -A POSTROUTING -j nova-compute-POSTROUTING
[0:0] -A POSTROUTING -o virbr0 -p udp -m udp --dport 68 -j CHECKSUM --checksum-fill
COMMIT
# Completed on Mon Nov 25 15:11:55 2013
# Generated by iptables-save v1.4.12 on Mon Nov 25 15:11:55 2013
*filter
:INPUT ACCEPT [49387445:39489983591]
:FORWARD ACCEPT [0:0]
:OUTPUT ACCEPT [44459223:16894151416]
:nova-compute-FORWARD - [0:0]
:nova-compute-INPUT - [0:0]
:nova-compute-OUTPUT - [0:0]
:nova-compute-inst-294 - [0:0]
:nova-compute-local - [0:0]
:nova-compute-provider - [0:0]
:nova-compute-sg-fallback - [0:0]
:nova-filter-top - [0:0]
[223:42381] -A INPUT -j nova-compute-INPUT
[0:0] -A INPUT -i virbr0 -p udp -m udp --dport 53 -j ACCEPT
[0:0] -A INPUT -i virbr0 -p tcp -m tcp --dport 53 -j ACCEPT
[0:0] -A INPUT -i virbr0 -p udp -m udp --dport 67 -j ACCEPT
[0:0] -A INPUT -i virbr0 -p tcp -m tcp --dport 67 -j ACCEPT
[158735991:18421249135] -A FORWARD -j nova-filter-top
[21:4906] -A FORWARD -j nova-compute-FORWARD
[0:0] -A FORWARD -d 192.168.122.0/24 -o virbr0 -m state --state RELATED,ESTABLISHED -j ACCEPT
[0:0] -A FORWARD -s 192.168.122.0/24 -i virbr0 -j ACCEPT
[0:0] -A FORWARD -i virbr0 -o virbr0 -j ACCEPT
[0:0] -A FORWARD -o virbr0 -j REJECT --reject-with icmp-port-unreachable
[0:0] -A FORWARD -i virbr0 -j REJECT --reject-with icmp-port-unreachable
[49184731:18914323771] -A OUTPUT -j nova-filter-top
[277:52306] -A OUTPUT -j nova-compute-OUTPUT
[4:1312] -A nova-compute-FORWARD -s 0.0.0.0/32 -d 255.255.255.255/32 -p udp -m udp --sport 68 --dport 67 -j ACCEPT
[17:3594] -A nova-compute-FORWARD -i br100 -j ACCEPT
[0:0] -A nova-compute-FORWARD -o br100 -j ACCEPT
[2:656] -A nova-compute-INPUT -s 0.0.0.0/32 -d 255.255.255.255/32 -p udp -m udp --sport 68 --dport 67 -j ACCEPT
[0:0] -A nova-compute-inst-294 -m state --state INVALID -j DROP
[4:845] -A nova-compute-inst-294 -m state --state RELATED,ESTABLISHED -j ACCEPT
[0:0] -A nova-compute-inst-294 -j nova-compute-provider
[0:0] -A nova-compute-inst-294 -s 192.168.50.1/32 -p udp -m udp --sport 67 --dport 68 -j ACCEPT
[0:0] -A nova-compute-inst-294 -s 192.168.50.0/24 -j ACCEPT
[0:0] -A nova-compute-inst-294 -p tcp -m tcp --dport 22 -j ACCEPT
[0:0] -A nova-compute-inst-294 -p icmp -j ACCEPT
[0:0] -A nova-compute-inst-294 -j nova-compute-sg-fallback
[4:845] -A nova-compute-local -d 192.168.50.2/32 -j nova-compute-inst-294
[0:0] -A nova-compute-sg-fallback -j DROP
[302:58057] -A nova-filter-top -j nova-compute-local
COMMIT
# Completed on Mon Nov 25 15:11:55 2013

Command:(root)('iptables-restore', '-c')
Parameter:
# Generated by iptables-save v1.4.12 on Mon Nov 25 15:11:55 2013
*nat
:PREROUTING ACCEPT [20042312:1274295905]
:INPUT ACCEPT [1346:355201]
:OUTPUT ACCEPT [463184:29726372]
:POSTROUTING ACCEPT [20502188:1303024880]
:nova-compute-OUTPUT - [0:0]
:nova-compute-snat - [0:0]
:nova-compute-PREROUTING - [0:0]
:nova-compute-float-snat - [0:0]
:nova-compute-POSTROUTING - [0:0]
:nova-postrouting-bottom - [0:0]
[0:0] -A PREROUTING -j nova-compute-PREROUTING
[0:0] -A OUTPUT -j nova-compute-OUTPUT
[0:0] -A POSTROUTING -j nova-compute-POSTROUTING
[0:0] -A nova-postrouting-bottom -j nova-compute-snat
[0:0] -A nova-compute-snat -j nova-compute-float-snat
[0:0] -A POSTROUTING -s 192.168.122.0/24 ! -d 192.168.122.0/24 -p tcp -j MASQUERADE --to-ports 1024-65535
[0:0] -A POSTROUTING -s 192.168.122.0/24 ! -d 192.168.122.0/24 -p udp -j MASQUERADE --to-ports 1024-65535
[0:0] -A POSTROUTING -s 192.168.122.0/24 ! -d 192.168.122.0/24 -j MASQUERADE
[20659692:1326059528] -A POSTROUTING -j nova-postrouting-bottom
COMMIT
# Completed on Mon Nov 25 15:11:55 2013
# Generated by iptables-save v1.4.12 on Mon Nov 25 15:11:55 2013
*mangle
:PREROUTING ACCEPT [207330832:57720536694]
:INPUT ACCEPT [49414405:39498846345]
:FORWARD ACCEPT [158371960:18280861181]
:OUTPUT ACCEPT [44459240:16894155078]
:POSTROUTING ACCEPT [202831200:35175016259]
:nova-compute-POSTROUTING - [0:0]
[0:0] -A POSTROUTING -j nova-compute-POSTROUTING
[0:0] -A POSTROUTING -o virbr0 -p udp -m udp --dport 68 -j CHECKSUM --checksum-fill
COMMIT
# Completed on Mon Nov 25 15:11:55 2013
# Generated by iptables-save v1.4.12 on Mon Nov 25 15:11:55 2013
*filter
:INPUT ACCEPT [49387445:39489983591]
:FORWARD ACCEPT [0:0]
:OUTPUT ACCEPT [44459223:16894151416]
:nova-compute-OUTPUT - [0:0]
:nova-compute-sg-fallback - [0:0]
:nova-compute-provider - [0:0]
:nova-compute-FORWARD - [0:0]
:nova-compute-INPUT - [0:0]
:nova-compute-local - [0:0]
:nova-compute-inst-294 - [0:0]
:nova-filter-top - [0:0]
[158735991:18421249135] -A FORWARD -j nova-filter-top
[49184731:18914323771] -A OUTPUT -j nova-filter-top
[0:0] -A nova-filter-top -j nova-compute-local
[0:0] -A INPUT -j nova-compute-INPUT
[0:0] -A OUTPUT -j nova-compute-OUTPUT
[0:0] -A FORWARD -j nova-compute-FORWARD
[0:0] -A nova-compute-sg-fallback -j DROP
[0:0] -A nova-compute-INPUT -s 0.0.0.0/32 -d 255.255.255.255/32 -p udp -m udp --sport 68 --dport 67 -j ACCEPT
[0:0] -A nova-compute-FORWARD -s 0.0.0.0/32 -d 255.255.255.255/32 -p udp -m udp --sport 68 --dport 67 -j ACCEPT
[0:0] -A nova-compute-FORWARD -i br100 -j ACCEPT
[0:0] -A nova-compute-FORWARD -o br100 -j ACCEPT
[0:0] -A nova-compute-local -d 192.168.50.2 -j nova-compute-inst-294
[0:0] -A nova-compute-inst-294 -m state --state INVALID -j DROP
[0:0] -A nova-compute-inst-294 -m state --state ESTABLISHED,RELATED -j ACCEPT
[0:0] -A nova-compute-inst-294 -j nova-compute-provider
[0:0] -A nova-compute-inst-294 -s 192.168.50.1 -p udp --sport 67 --dport 68 -j ACCEPT
[0:0] -A nova-compute-inst-294 -s 192.168.50.0/24 -j ACCEPT
[0:0] -A nova-compute-inst-294 -j ACCEPT -p tcp --dport 22 -s 0.0.0.0/0
[0:0] -A nova-compute-inst-294 -j ACCEPT -p icmp -s 0.0.0.0/0
[0:0] -A nova-compute-inst-294 -j nova-compute-sg-fallback
[0:0] -A INPUT -i virbr0 -p udp -m udp --dport 53 -j ACCEPT
[0:0] -A INPUT -i virbr0 -p tcp -m tcp --dport 53 -j ACCEPT
[0:0] -A INPUT -i virbr0 -p udp -m udp --dport 67 -j ACCEPT
[0:0] -A INPUT -i virbr0 -p tcp -m tcp --dport 67 -j ACCEPT
[0:0] -A FORWARD -d 192.168.122.0/24 -o virbr0 -m state --state RELATED,ESTABLISHED -j ACCEPT
[0:0] -A FORWARD -s 192.168.122.0/24 -i virbr0 -j ACCEPT
[0:0] -A FORWARD -i virbr0 -o virbr0 -j ACCEPT
[0:0] -A FORWARD -o virbr0 -j REJECT --reject-with icmp-port-unreachable
[0:0] -A FORWARD -i virbr0 -j REJECT --reject-with icmp-port-unreachable
COMMIT
# Completed on Mon Nov 25 15:11:55 2013

Command:(root)('chown', 109, '/var/lib/nova/instances/_base/4acfb815d9beadfc76b1e453590e2b94f743925f')
Command:(root)('chown', 109, '/var/lib/nova/instances/_base/4acfb815d9beadfc76b1e453590e2b94f743925f')
Command:(root)('chown', 109, '/var/lib/nova/instances/_base/4acfb815d9beadfc76b1e453590e2b94f743925f')
Command:(root)('chown', 109, '/var/lib/nova/instances/_base/4acfb815d9beadfc76b1e453590e2b94f743925f')
Command:(root)('chown', 109, '/var/lib/nova/instances/_base/4acfb815d9beadfc76b1e453590e2b94f743925f')
Command:(root)('chown', 109, '/var/lib/nova/instances/_base/4acfb815d9beadfc76b1e453590e2b94f743925f')
Command:(root)('chown', 109, '/var/lib/nova/instances/_base/4acfb815d9beadfc76b1e453590e2b94f743925f')
Command:(root)('chown', 109, '/var/lib/nova/instances/_base/4acfb815d9beadfc76b1e453590e2b94f743925f')
Command:(root)('chown', 109, '/var/lib/nova/instances/_base/4acfb815d9beadfc76b1e453590e2b94f743925f')
Command:(root)('chown', 109, '/var/lib/nova/instances/_base/4acfb815d9beadfc76b1e453590e2b94f743925f')
Command:(root)('chown', 109, '/var/lib/nova/instances/_base/4acfb815d9beadfc76b1e453590e2b94f743925f')
Command:(root)('chown', 109, '/var/lib/nova/instances/_base/4acfb815d9beadfc76b1e453590e2b94f743925f')
Command:(root)('chown', 109, '/var/lib/nova/instances/_base/4acfb815d9beadfc76b1e453590e2b94f743925f')
Command:(root)('chown', 109, '/var/lib/nova/instances/_base/4acfb815d9beadfc76b1e453590e2b94f743925f')
Command:(root)('chown', 109, '/var/lib/nova/instances/_base/4acfb815d9beadfc76b1e453590e2b94f743925f')
Command:(root)('chown', 109, '/var/lib/nova/instances/_base/4acfb815d9beadfc76b1e453590e2b94f743925f')
Command:(root)('chown', 109, '/var/lib/nova/instances/_base/4acfb815d9beadfc76b1e453590e2b94f743925f')
Command:(root)('chown', 109, '/var/lib/nova/instances/_base/4acfb815d9beadfc76b1e453590e2b94f743925f')
Command:(root)('chown', 109, '/var/lib/nova/instances/_base/4acfb815d9beadfc76b1e453590e2b94f743925f')
Command:(root)('chown', 109, '/var/lib/nova/instances/_base/4acfb815d9beadfc76b1e453590e2b94f743925f')
Command:(root)('chown', 109, '/var/lib/nova/instances/_base/4acfb815d9beadfc76b1e453590e2b94f743925f')
Command:(root)('chown', 109, '/var/lib/nova/instances/_base/4acfb815d9beadfc76b1e453590e2b94f743925f')
Command:(root)('chown', 109, '/var/lib/nova/instances/_base/4acfb815d9beadfc76b1e453590e2b94f743925f')
Command:(root)('chown', 109, '/var/lib/nova/instances/_base/4acfb815d9beadfc76b1e453590e2b94f743925f')
Command:(root)('chown', 109, '/var/lib/nova/instances/_base/4acfb815d9beadfc76b1e453590e2b94f743925f')
Command:(root)('chown', 109, '/var/lib/nova/instances/_base/4acfb815d9beadfc76b1e453590e2b94f743925f')
Command:(root)('chown', 109, '/var/lib/nova/instances/_base/4acfb815d9beadfc76b1e453590e2b94f743925f')
Command:(root)('chown', 109, '/var/lib/nova/instances/_base/4acfb815d9beadfc76b1e453590e2b94f743925f')
Command:(root)('chown', 109, '/var/lib/nova/instances/_base/4acfb815d9beadfc76b1e453590e2b94f743925f')
Command:(root)('chown', 109, '/var/lib/nova/instances/_base/4acfb815d9beadfc76b1e453590e2b94f743925f')
Command:(root)('chown', 109, '/var/lib/nova/instances/_base/4acfb815d9beadfc76b1e453590e2b94f743925f')
Command:(root)('chown', 109, '/var/lib/nova/instances/_base/4acfb815d9beadfc76b1e453590e2b94f743925f')
Command:(root)('chown', 109, '/var/lib/nova/instances/_base/4acfb815d9beadfc76b1e453590e2b94f743925f')
Command:(root)('chown', 109, '/var/lib/nova/instances/_base/4acfb815d9beadfc76b1e453590e2b94f743925f')
Command:(root)('chown', 109, '/var/lib/nova/instances/_base/4acfb815d9beadfc76b1e453590e2b94f743925f')
Command:(root)('chown', 109, '/var/lib/nova/instances/_base/4acfb815d9beadfc76b1e453590e2b94f743925f')
Command:(root)('chown', 109, '/var/lib/nova/instances/_base/4acfb815d9beadfc76b1e453590e2b94f743925f')
Command:(root)('chown', 109, '/var/lib/nova/instances/_base/4acfb815d9beadfc76b1e453590e2b94f743925f')
Command:(root)('chown', 109, '/var/lib/nova/instances/_base/4acfb815d9beadfc76b1e453590e2b94f743925f')
Command:(root)('chown', 109, '/var/lib/nova/instances/_base/4acfb815d9beadfc76b1e453590e2b94f743925f')
Command:(root)('chown', 109, '/var/lib/nova/instances/_base/4acfb815d9beadfc76b1e453590e2b94f743925f')
Command:(root)('chown', 109, '/var/lib/nova/instances/_base/4acfb815d9beadfc76b1e453590e2b94f743925f')
Command:(root)('chown', 109, '/var/lib/nova/instances/_base/4acfb815d9beadfc76b1e453590e2b94f743925f')
Command:(root)('chown', 109, '/var/lib/nova/instances/_base/4acfb815d9beadfc76b1e453590e2b94f743925f')
Command:(root)('chown', 109, '/var/lib/nova/instances/_base/4acfb815d9beadfc76b1e453590e2b94f743925f')
Command:(root)('iptables-save', '-c')
Return:
# Generated by iptables-save v1.4.12 on Tue Nov 26 21:01:25 2013
*nat
:PREROUTING ACCEPT [20045365:1275107167]
:INPUT ACCEPT [1359:358747]
:OUTPUT ACCEPT [467139:29980378]
:POSTROUTING ACCEPT [20509183:1304086602]
:nova-compute-OUTPUT - [0:0]
:nova-compute-POSTROUTING - [0:0]
:nova-compute-PREROUTING - [0:0]
:nova-compute-float-snat - [0:0]
:nova-compute-snat - [0:0]
:nova-postrouting-bottom - [0:0]
[3053:811262] -A PREROUTING -j nova-compute-PREROUTING
[3955:254006] -A OUTPUT -j nova-compute-OUTPUT
[6995:1061722] -A POSTROUTING -j nova-compute-POSTROUTING
[0:0] -A POSTROUTING -s 192.168.122.0/24 ! -d 192.168.122.0/24 -p tcp -j MASQUERADE --to-ports 1024-65535
[0:0] -A POSTROUTING -s 192.168.122.0/24 ! -d 192.168.122.0/24 -p udp -j MASQUERADE --to-ports 1024-65535
[0:0] -A POSTROUTING -s 192.168.122.0/24 ! -d 192.168.122.0/24 -j MASQUERADE
[20666687:1327121250] -A POSTROUTING -j nova-postrouting-bottom
[6995:1061722] -A nova-compute-snat -j nova-compute-float-snat
[6995:1061722] -A nova-postrouting-bottom -j nova-compute-snat
COMMIT
# Completed on Tue Nov 26 21:01:25 2013
# Generated by iptables-save v1.4.12 on Tue Nov 26 21:01:25 2013
*mangle
:PREROUTING ACCEPT [207641518:57796715189]
:INPUT ACCEPT [49706653:39561265892]
:FORWARD ACCEPT [158395838:18295750881]
:OUTPUT ACCEPT [44826345:16965486442]
:POSTROUTING ACCEPT [203222183:35261237323]
:nova-compute-POSTROUTING - [0:0]
[390983:86221064] -A POSTROUTING -j nova-compute-POSTROUTING
[0:0] -A POSTROUTING -o virbr0 -p udp -m udp --dport 68 -j CHECKSUM --checksum-fill
COMMIT
# Completed on Tue Nov 26 21:01:25 2013
# Generated by iptables-save v1.4.12 on Tue Nov 26 21:01:25 2013
*filter
:INPUT ACCEPT [49679548:39552355578]
:FORWARD ACCEPT [0:0]
:OUTPUT ACCEPT [44826328:16965482780]
:nova-compute-FORWARD - [0:0]
:nova-compute-INPUT - [0:0]
:nova-compute-OUTPUT - [0:0]
:nova-compute-inst-294 - [0:0]
:nova-compute-local - [0:0]
:nova-compute-provider - [0:0]
:nova-compute-sg-fallback - [0:0]
:nova-filter-top - [0:0]
[292248:62419547] -A INPUT -j nova-compute-INPUT
[0:0] -A INPUT -i virbr0 -p udp -m udp --dport 53 -j ACCEPT
[0:0] -A INPUT -i virbr0 -p tcp -m tcp --dport 53 -j ACCEPT
[0:0] -A INPUT -i virbr0 -p udp -m udp --dport 67 -j ACCEPT
[0:0] -A INPUT -i virbr0 -p tcp -m tcp --dport 67 -j ACCEPT
[158759869:18436138835] -A FORWARD -j nova-filter-top
[16235:3921392] -A FORWARD -j nova-compute-FORWARD
[0:0] -A FORWARD -d 192.168.122.0/24 -o virbr0 -m state --state RELATED,ESTABLISHED -j ACCEPT
[0:0] -A FORWARD -s 192.168.122.0/24 -i virbr0 -j ACCEPT
[0:0] -A FORWARD -i virbr0 -o virbr0 -j ACCEPT
[0:0] -A FORWARD -o virbr0 -j REJECT --reject-with icmp-port-unreachable
[0:0] -A FORWARD -i virbr0 -j REJECT --reject-with icmp-port-unreachable
[49551836:18985655135] -A OUTPUT -j nova-filter-top
[367105:71331364] -A OUTPUT -j nova-compute-OUTPUT
[288:94464] -A nova-compute-FORWARD -s 0.0.0.0/32 -d 255.255.255.255/32 -p udp -m udp --sport 68 --dport 67 -j ACCEPT
[15947:3826928] -A nova-compute-FORWARD -i br100 -j ACCEPT
[0:0] -A nova-compute-FORWARD -o br100 -j ACCEPT
[145:47560] -A nova-compute-INPUT -s 0.0.0.0/32 -d 255.255.255.255/32 -p udp -m udp --sport 68 --dport 67 -j ACCEPT
[0:0] -A nova-compute-inst-294 -m state --state INVALID -j DROP
[7643:10968308] -A nova-compute-inst-294 -m state --state RELATED,ESTABLISHED -j ACCEPT
[0:0] -A nova-compute-inst-294 -j nova-compute-provider
[0:0] -A nova-compute-inst-294 -s 192.168.50.1/32 -p udp -m udp --sport 67 --dport 68 -j ACCEPT
[0:0] -A nova-compute-inst-294 -s 192.168.50.0/24 -j ACCEPT
[0:0] -A nova-compute-inst-294 -p tcp -m tcp --dport 22 -j ACCEPT
[0:0] -A nova-compute-inst-294 -p icmp -j ACCEPT
[0:0] -A nova-compute-inst-294 -j nova-compute-sg-fallback
[7643:10968308] -A nova-compute-local -d 192.168.50.2/32 -j nova-compute-inst-294
[0:0] -A nova-compute-sg-fallback -j DROP
[390983:86221064] -A nova-filter-top -j nova-compute-local
COMMIT
# Completed on Tue Nov 26 21:01:25 2013

Command:(root)('iptables-restore', '-c')
Parameter:
# Generated by iptables-save v1.4.12 on Tue Nov 26 21:01:25 2013
*nat
:PREROUTING ACCEPT [20045365:1275107167]
:INPUT ACCEPT [1359:358747]
:OUTPUT ACCEPT [467139:29980378]
:POSTROUTING ACCEPT [20509183:1304086602]
:nova-compute-OUTPUT - [0:0]
:nova-compute-snat - [0:0]
:nova-compute-PREROUTING - [0:0]
:nova-compute-float-snat - [0:0]
:nova-compute-POSTROUTING - [0:0]
:nova-postrouting-bottom - [0:0]
[0:0] -A PREROUTING -j nova-compute-PREROUTING
[0:0] -A OUTPUT -j nova-compute-OUTPUT
[0:0] -A POSTROUTING -j nova-compute-POSTROUTING
[0:0] -A nova-postrouting-bottom -j nova-compute-snat
[0:0] -A nova-compute-snat -j nova-compute-float-snat
[0:0] -A POSTROUTING -s 192.168.122.0/24 ! -d 192.168.122.0/24 -p tcp -j MASQUERADE --to-ports 1024-65535
[0:0] -A POSTROUTING -s 192.168.122.0/24 ! -d 192.168.122.0/24 -p udp -j MASQUERADE --to-ports 1024-65535
[0:0] -A POSTROUTING -s 192.168.122.0/24 ! -d 192.168.122.0/24 -j MASQUERADE
[20666687:1327121250] -A POSTROUTING -j nova-postrouting-bottom
COMMIT
# Completed on Tue Nov 26 21:01:25 2013
# Generated by iptables-save v1.4.12 on Tue Nov 26 21:01:25 2013
*mangle
:PREROUTING ACCEPT [207641518:57796715189]
:INPUT ACCEPT [49706653:39561265892]
:FORWARD ACCEPT [158395838:18295750881]
:OUTPUT ACCEPT [44826345:16965486442]
:POSTROUTING ACCEPT [203222183:35261237323]
:nova-compute-POSTROUTING - [0:0]
[0:0] -A POSTROUTING -j nova-compute-POSTROUTING
[0:0] -A POSTROUTING -o virbr0 -p udp -m udp --dport 68 -j CHECKSUM --checksum-fill
COMMIT
# Completed on Tue Nov 26 21:01:25 2013
# Generated by iptables-save v1.4.12 on Tue Nov 26 21:01:25 2013
*filter
:INPUT ACCEPT [49679548:39552355578]
:FORWARD ACCEPT [0:0]
:OUTPUT ACCEPT [44826328:16965482780]
:nova-compute-OUTPUT - [0:0]
:nova-compute-sg-fallback - [0:0]
:nova-compute-provider - [0:0]
:nova-compute-FORWARD - [0:0]
:nova-compute-INPUT - [0:0]
:nova-compute-local - [0:0]
:nova-filter-top - [0:0]
[158759869:18436138835] -A FORWARD -j nova-filter-top
[49551836:18985655135] -A OUTPUT -j nova-filter-top
[0:0] -A nova-filter-top -j nova-compute-local
[0:0] -A INPUT -j nova-compute-INPUT
[0:0] -A OUTPUT -j nova-compute-OUTPUT
[0:0] -A FORWARD -j nova-compute-FORWARD
[0:0] -A nova-compute-sg-fallback -j DROP
[0:0] -A nova-compute-INPUT -s 0.0.0.0/32 -d 255.255.255.255/32 -p udp -m udp --sport 68 --dport 67 -j ACCEPT
[0:0] -A nova-compute-FORWARD -s 0.0.0.0/32 -d 255.255.255.255/32 -p udp -m udp --sport 68 --dport 67 -j ACCEPT
[0:0] -A nova-compute-FORWARD -i br100 -j ACCEPT
[0:0] -A nova-compute-FORWARD -o br100 -j ACCEPT
[0:0] -A INPUT -i virbr0 -p udp -m udp --dport 53 -j ACCEPT
[0:0] -A INPUT -i virbr0 -p tcp -m tcp --dport 53 -j ACCEPT
[0:0] -A INPUT -i virbr0 -p udp -m udp --dport 67 -j ACCEPT
[0:0] -A INPUT -i virbr0 -p tcp -m tcp --dport 67 -j ACCEPT
[0:0] -A FORWARD -d 192.168.122.0/24 -o virbr0 -m state --state RELATED,ESTABLISHED -j ACCEPT
[0:0] -A FORWARD -s 192.168.122.0/24 -i virbr0 -j ACCEPT
[0:0] -A FORWARD -i virbr0 -o virbr0 -j ACCEPT
[0:0] -A FORWARD -o virbr0 -j REJECT --reject-with icmp-port-unreachable
[0:0] -A FORWARD -i virbr0 -j REJECT --reject-with icmp-port-unreachable
COMMIT
# Completed on Tue Nov 26 21:01:25 2013

